<?xml version="1.0" encoding="UTF-8"?>
<TestRun id="f2d5ca7f-1dea-4142-9750-c7f25900a778" name="T_ (2019-01-09 07:41:16)" runUser="FIRM\TC_BuildService" xmlns="http://microsoft.com/schemas/VisualStudio/TeamTest/2010">
  <TestSettings name="Temp" id="2e32489e-41f5-4e94-93e6-83ef225ca3a6">
    <Description>These are default test settings for a local test run.</Description>
    <Deployment userDeploymentRoot="E:\BuildAgent\work\3baf8a8a2db7fedb\TestResults" useDefaultDeploymentRoot="false" enabled="false" runDeploymentRoot="T_ _2019-01-09 07_41_16_" />
    <NamingScheme baseName="T_" useDefault="false" />
    <Execution hostProcessPlatform="MSIL">
      <TestTypeSpecific>
        <UnitTestRunConfig testTypeId="13cdc9d9-ddb5-4fa4-a97d-d965ccfc6d4b">
          <AssemblyResolution>
            <TestDirectory useLoadContext="true" />
          </AssemblyResolution>
        </UnitTestRunConfig>
      </TestTypeSpecific>
      <AgentRule name="LocalMachineDefaultRole">
      </AgentRule>
    </Execution>
    <Properties />
  </TestSettings>
  <Times creation="2019-01-09T07:41:16.8735236+01:00" queuing="2019-01-09T07:41:20.2658745+01:00" start="2019-01-09T07:41:20.7547811+01:00" finish="2019-01-09T08:11:00.9595799+01:00" />
  <ResultSummary outcome="Completed">
    <Counters total="153" executed="153" passed="153" error="0" failed="0" timeout="0" aborted="0" inconclusive="0" passedButRunAborted="0" notRunnable="0" notExecuted="0" disconnected="0" warning="0" completed="0" inProgress="0" pending="0" />
    <Output>
      <DebugTrace>QTAgent_40.exe Information: 0 : Deleting files for the database ConfirmitCATIV15_344367
QTAgent_40.exe Warning: 0 : Cannot delete file C:\Program Files\Microsoft SQL Server\MSSQL13.MSSQLSERVER\MSSQL\DATA\ConfirmitCATIV15_344367.mdf, file does not exists
QTAgent_40.exe Warning: 0 : Cannot delete file C:\Program Files\Microsoft SQL Server\MSSQL13.MSSQLSERVER\MSSQL\DATA\ConfirmitCATIV15_344367_log.ldf, file does not exists
QTAgent_40.exe Information: 0 : Detaching database ConfirmitCATIV15_344367
QTAgent_40.exe Information: 0 : Database ConfirmitCATIV15_344367 state is ONLINE
QTAgent_40.exe Information: 0 : Deleting files for the database ConfirmitCATIV15_344367_Default
QTAgent_40.exe Warning: 0 : Cannot delete file C:\Program Files\Microsoft SQL Server\MSSQL13.MSSQLSERVER\MSSQL\DATA\ConfirmitCATIV15_344367_Default.mdf, file does not exists
QTAgent_40.exe Warning: 0 : Cannot delete file C:\Program Files\Microsoft SQL Server\MSSQL13.MSSQLSERVER\MSSQL\DATA\ConfirmitCATIV15_344367_Default_log.ldf, file does not exists
QTAgent_40.exe Information: 0 : Detaching database ConfirmitCATIV15_344367_Default
QTAgent_40.exe Information: 0 : Database ConfirmitCATIV15_344367_Default state is ONLINE
</DebugTrace>
    </Output>
  </ResultSummary>
  <TestDefinitions>
    <UnitTest name="ChangeBreakTypeWhileInterviewing_BreakTypeCorrect" storage="e:\buildagent\work\3baf8a8a2db7fedb\assemblies\confirmit.cati.integrationtests.dll" id="25136879-c0f2-88f7-4ba1-415e0d0956ed">
      <Owners>
        <Owner name="FIRM\denism" />
      </Owners>
      <Execution id="92047baf-07fa-4466-98c3-1d4d6f4a14df" />
      <TestMethod codeBase="E:/BuildAgent/work/3baf8a8a2db7fedb/assemblies/Confirmit.CATI.IntegrationTests.DLL" adapterTypeName="Microsoft.VisualStudio.TestTools.TestTypes.Unit.UnitTestAdapter, Microsoft.VisualStudio.QualityTools.Tips.UnitTest.Adapter, Version=15.0.0.0, Culture=neutral, PublicKeyToken=b03f5f7f11d50a3a" className="Confirmit.CATI.IntegrationTests.Tests.InterviewerOnABreak.InterviewerOnABreakTest, Confirmit.CATI.IntegrationTests, Version=24.0.2875.0, Culture=neutral, PublicKeyToken=8134450e5a05c0c1" name="ChangeBreakTypeWhileInterviewing_BreakTypeCorrect" />
    </UnitTest>
    <UnitTest name="SetDialingMode_ResetSelected_ResetDialingModeEventIsLogged" storage="e:\buildagent\work\3baf8a8a2db7fedb\assemblies\confirmit.cati.integrationtests.dll" id="da412f22-7929-4a52-b4d6-5a6b632a8ffc">
      <Owners>
        <Owner name="FIRM\SergeyC" />
      </Owners>
      <Execution id="1ef9174e-5480-418c-b442-85bf7c75ee42" />
      <TestMethod codeBase="E:/BuildAgent/work/3baf8a8a2db7fedb/assemblies/Confirmit.CATI.IntegrationTests.DLL" adapterTypeName="Microsoft.VisualStudio.TestTools.TestTypes.Unit.UnitTestAdapter, Microsoft.VisualStudio.QualityTools.Tips.UnitTest.Adapter, Version=15.0.0.0, Culture=neutral, PublicKeyToken=b03f5f7f11d50a3a" className="Confirmit.CATI.IntegrationTests.Tests.FusionLibTest.Tests.CallManagermentChangeDialModeTests, Confirmit.CATI.IntegrationTests, Version=24.0.2875.0, Culture=neutral, PublicKeyToken=8134450e5a05c0c1" name="SetDialingMode_ResetSelected_ResetDialingModeEventIsLogged" />
    </UnitTest>
    <UnitTest name="CallCenter_Update_CallCenterIsUpdated" storage="e:\buildagent\work\3baf8a8a2db7fedb\assemblies\confirmit.cati.integrationtests.dll" id="4533cb4a-b9d9-b839-b0cc-8aef4bfc6596">
      <Owners>
        <Owner name="FIRM\MaximL" />
      </Owners>
      <Execution id="dc1ae6d2-f86b-4700-a458-1de750366bc9" />
      <TestMethod codeBase="E:/BuildAgent/work/3baf8a8a2db7fedb/assemblies/Confirmit.CATI.IntegrationTests.DLL" adapterTypeName="Microsoft.VisualStudio.TestTools.TestTypes.Unit.UnitTestAdapter, Microsoft.VisualStudio.QualityTools.Tips.UnitTest.Adapter, Version=15.0.0.0, Culture=neutral, PublicKeyToken=b03f5f7f11d50a3a" className="Confirmit.CATI.IntegrationTests.Tests.CallCenter.CallCenterRepositoryTest, Confirmit.CATI.IntegrationTests, Version=24.0.2875.0, Culture=neutral, PublicKeyToken=8134450e5a05c0c1" name="CallCenter_Update_CallCenterIsUpdated" />
    </UnitTest>
    <UnitTest name="CallHistory_InsertRecordForDeleteInterviewer_RecordWithSpecificNameIsExported" storage="e:\buildagent\work\3baf8a8a2db7fedb\assemblies\confirmit.cati.integrationtests.dll" id="bfe50bff-3fc0-57f2-b962-13f0b790beb5">
      <Owners>
        <Owner name="FROM\AlexanderL" />
      </Owners>
      <Execution id="314a36a5-1137-4003-8f34-afc5df5b7771" />
      <TestMethod codeBase="E:/BuildAgent/work/3baf8a8a2db7fedb/assemblies/Confirmit.CATI.IntegrationTests.DLL" adapterTypeName="Microsoft.VisualStudio.TestTools.TestTypes.Unit.UnitTestAdapter, Microsoft.VisualStudio.QualityTools.Tips.UnitTest.Adapter, Version=15.0.0.0, Culture=neutral, PublicKeyToken=b03f5f7f11d50a3a" className="Confirmit.CATI.IntegrationTests.Tests.FusionLibTest.Tests.CallHistoryExportTest, Confirmit.CATI.IntegrationTests, Version=24.0.2875.0, Culture=neutral, PublicKeyToken=8134450e5a05c0c1" name="CallHistory_InsertRecordForDeleteInterviewer_RecordWithSpecificNameIsExported" />
    </UnitTest>
    <UnitTest name="CallHelper_CombineExistingFilter_AllCallsAreReturned" storage="e:\buildagent\work\3baf8a8a2db7fedb\assemblies\confirmit.cati.integrationtests.dll" id="5c8105d8-ea39-a6fe-110b-4a34cf9c1254">
      <Owners>
        <Owner name="FIRM\SergeyC" />
      </Owners>
      <Execution id="34cb15a0-6704-4a18-8a4a-6c5664dfe2ba" />
      <TestMethod codeBase="E:/BuildAgent/work/3baf8a8a2db7fedb/assemblies/Confirmit.CATI.IntegrationTests.DLL" adapterTypeName="Microsoft.VisualStudio.TestTools.TestTypes.Unit.UnitTestAdapter, Microsoft.VisualStudio.QualityTools.Tips.UnitTest.Adapter, Version=15.0.0.0, Culture=neutral, PublicKeyToken=b03f5f7f11d50a3a" className="Confirmit.CATI.IntegrationTests.Tests.FilterAndPaging.Tests.CallListSearchTest, Confirmit.CATI.IntegrationTests, Version=24.0.2875.0, Culture=neutral, PublicKeyToken=8134450e5a05c0c1" name="CallHelper_CombineExistingFilter_AllCallsAreReturned" />
    </UnitTest>
    <UnitTest name="GetUserGroups_AssignUserOnGroup_MultiAssignmentsIsSend" storage="e:\buildagent\work\3baf8a8a2db7fedb\assemblies\confirmit.cati.integrationtests.dll" id="c83c518b-f467-c6e2-226f-da21bad88122">
      <Owners>
        <Owner name="FIRM\MaximL" />
      </Owners>
      <Execution id="d10c047b-1196-4f56-b702-d33c36b803a2" />
      <TestMethod codeBase="E:/BuildAgent/work/3baf8a8a2db7fedb/assemblies/Confirmit.CATI.IntegrationTests.DLL" adapterTypeName="Microsoft.VisualStudio.TestTools.TestTypes.Unit.UnitTestAdapter, Microsoft.VisualStudio.QualityTools.Tips.UnitTest.Adapter, Version=15.0.0.0, Culture=neutral, PublicKeyToken=b03f5f7f11d50a3a" className="Confirmit.CATI.IntegrationTests.Tests.CallDelivering.MultipleAssignmentTests, Confirmit.CATI.IntegrationTests, Version=24.0.2875.0, Culture=neutral, PublicKeyToken=8134450e5a05c0c1" name="GetUserGroups_AssignUserOnGroup_MultiAssignmentsIsSend" />
    </UnitTest>
    <UnitTest name="ReorganizeIndexes_ReorganizeAllIndexes_ReorganizeSuccess" storage="e:\buildagent\work\3baf8a8a2db7fedb\assemblies\confirmit.cati.integrationtests.dll" id="6d60f664-9a72-bd88-8a77-b8550bf8b887">
      <Owners>
        <Owner name="firm\vyacheslavb" />
      </Owners>
      <Execution id="94a78552-a0d5-43cd-8002-393c64ca8c84" />
      <TestMethod codeBase="E:/BuildAgent/work/3baf8a8a2db7fedb/assemblies/Confirmit.CATI.IntegrationTests.DLL" adapterTypeName="Microsoft.VisualStudio.TestTools.TestTypes.Unit.UnitTestAdapter, Microsoft.VisualStudio.QualityTools.Tips.UnitTest.Adapter, Version=15.0.0.0, Culture=neutral, PublicKeyToken=b03f5f7f11d50a3a" className="Confirmit.CATI.IntegrationTests.Tests.RoutineMaintenance.Actions.DatabaseIndexesActionsTest, Confirmit.CATI.IntegrationTests, Version=24.0.2875.0, Culture=neutral, PublicKeyToken=8134450e5a05c0c1" name="ReorganizeIndexes_ReorganizeAllIndexes_ReorganizeSuccess" />
    </UnitTest>
    <UnitTest name="AddSample_FullSchedulingMode_TwoInterviewMovedToBlacklist" storage="e:\buildagent\work\3baf8a8a2db7fedb\assemblies\confirmit.cati.integrationtests.dll" id="b4009528-139b-d692-551e-8893f60f795d">
      <Owners>
        <Owner name="Firm\MaximL" />
      </Owners>
      <Execution id="f0d49b2c-6585-4b03-b562-527f6d94173f" />
      <TestMethod codeBase="E:/BuildAgent/work/3baf8a8a2db7fedb/assemblies/Confirmit.CATI.IntegrationTests.DLL" adapterTypeName="Microsoft.VisualStudio.TestTools.TestTypes.Unit.UnitTestAdapter, Microsoft.VisualStudio.QualityTools.Tips.UnitTest.Adapter, Version=15.0.0.0, Culture=neutral, PublicKeyToken=b03f5f7f11d50a3a" className="Confirmit.CATI.IntegrationTests.Tests.CATI.Blacklist.BlacklistAddSampleTest, Confirmit.CATI.IntegrationTests, Version=24.0.2875.0, Culture=neutral, PublicKeyToken=8134450e5a05c0c1" name="AddSample_FullSchedulingMode_TwoInterviewMovedToBlacklist" />
    </UnitTest>
    <UnitTest name="CallHistory_InsertRecordForDialer_RecordWithDialerNameIsExported" storage="e:\buildagent\work\3baf8a8a2db7fedb\assemblies\confirmit.cati.integrationtests.dll" id="b5ec0be5-6774-04f8-fe46-b66d854dbc07">
      <Owners>
        <Owner name="FROM\AlexanderL" />
      </Owners>
      <Execution id="bfaf5da7-1ae5-4e94-bbda-306761d59b9a" />
      <TestMethod codeBase="E:/BuildAgent/work/3baf8a8a2db7fedb/assemblies/Confirmit.CATI.IntegrationTests.DLL" adapterTypeName="Microsoft.VisualStudio.TestTools.TestTypes.Unit.UnitTestAdapter, Microsoft.VisualStudio.QualityTools.Tips.UnitTest.Adapter, Version=15.0.0.0, Culture=neutral, PublicKeyToken=b03f5f7f11d50a3a" className="Confirmit.CATI.IntegrationTests.Tests.FusionLibTest.Tests.CallHistoryExportTest, Confirmit.CATI.IntegrationTests, Version=24.0.2875.0, Culture=neutral, PublicKeyToken=8134450e5a05c0c1" name="CallHistory_InsertRecordForDialer_RecordWithDialerNameIsExported" />
    </UnitTest>
    <UnitTest name="PredicitveSurveyMode_ProcessConnectedInterviewAfterSeveralNotConnected_WaitingTimeForInterviewerIsCorrected" storage="e:\buildagent\work\3baf8a8a2db7fedb\assemblies\confirmit.cati.integrationtests.dll" id="a6638545-a33d-b27f-cf4f-05d227c6c929">
      <Owners>
        <Owner name="FIRM\MaximL" />
      </Owners>
      <Execution id="c8d38ab5-a81f-4092-aa14-7f30608fbb0f" />
      <TestMethod codeBase="E:/BuildAgent/work/3baf8a8a2db7fedb/assemblies/Confirmit.CATI.IntegrationTests.DLL" adapterTypeName="Microsoft.VisualStudio.TestTools.TestTypes.Unit.UnitTestAdapter, Microsoft.VisualStudio.QualityTools.Tips.UnitTest.Adapter, Version=15.0.0.0, Culture=neutral, PublicKeyToken=b03f5f7f11d50a3a" className="Confirmit.CATI.IntegrationTests.Tests.InterviewerOnABreak.InterviewerOnABreakTest, Confirmit.CATI.IntegrationTests, Version=24.0.2875.0, Culture=neutral, PublicKeyToken=8134450e5a05c0c1" name="PredicitveSurveyMode_ProcessConnectedInterviewAfterSeveralNotConnected_WaitingTimeForInterviewerIsCorrected" />
    </UnitTest>
    <UnitTest name="DialerHasParametersAndOverrideForSurvey_ResetDialerSurveyParameters_DefaultParametersList" storage="e:\buildagent\work\3baf8a8a2db7fedb\assemblies\confirmit.cati.integrationtests.dll" id="16c8d5ed-ab5f-9e5f-a59e-afd8c3d71f18">
      <Owners>
        <Owner name="FIRM\SvetlanaT" />
      </Owners>
      <Execution id="2289b75d-b8bc-43e5-a8c1-4a81db3cd014" />
      <TestMethod codeBase="E:/BuildAgent/work/3baf8a8a2db7fedb/assemblies/Confirmit.CATI.IntegrationTests.DLL" adapterTypeName="Microsoft.VisualStudio.TestTools.TestTypes.Unit.UnitTestAdapter, Microsoft.VisualStudio.QualityTools.Tips.UnitTest.Adapter, Version=15.0.0.0, Culture=neutral, PublicKeyToken=b03f5f7f11d50a3a" className="Confirmit.CATI.IntegrationTests.Tests.DialerSettingsTest.DialerSettingsTest, Confirmit.CATI.IntegrationTests, Version=24.0.2875.0, Culture=neutral, PublicKeyToken=8134450e5a05c0c1" name="DialerHasParametersAndOverrideForSurvey_ResetDialerSurveyParameters_DefaultParametersList" />
    </UnitTest>
    <UnitTest name="CallDelivery_CallWithMultipleAssignment_CallIsDeliveredToPerson" storage="e:\buildagent\work\3baf8a8a2db7fedb\assemblies\confirmit.cati.integrationtests.dll" id="b9efe579-a3dd-0202-ba47-a08468373b3b">
      <Owners>
        <Owner name="FIRM\MaximL" />
      </Owners>
      <Execution id="d94eb4de-8c8b-463a-89cd-a145dd491f84" />
      <TestMethod codeBase="E:/BuildAgent/work/3baf8a8a2db7fedb/assemblies/Confirmit.CATI.IntegrationTests.DLL" adapterTypeName="Microsoft.VisualStudio.TestTools.TestTypes.Unit.UnitTestAdapter, Microsoft.VisualStudio.QualityTools.Tips.UnitTest.Adapter, Version=15.0.0.0, Culture=neutral, PublicKeyToken=b03f5f7f11d50a3a" className="Confirmit.CATI.IntegrationTests.Tests.CallDelivering.MultipleAssignmentTests, Confirmit.CATI.IntegrationTests, Version=24.0.2875.0, Culture=neutral, PublicKeyToken=8134450e5a05c0c1" name="CallDelivery_CallWithMultipleAssignment_CallIsDeliveredToPerson" />
    </UnitTest>
    <UnitTest name="SetDialingMode_SetAutomaticMode_NoCallsInBvSvySchedule_BvCallHistoryHasRecords_CallValuesAreNull" storage="e:\buildagent\work\3baf8a8a2db7fedb\assemblies\confirmit.cati.integrationtests.dll" id="292537fe-2fe1-a4fb-c9be-f550ae63989f">
      <Owners>
        <Owner name="FIRM\LeonidS" />
      </Owners>
      <Execution id="f25711fc-dd65-40ed-aeb9-03b1c44c5da7" />
      <TestMethod codeBase="E:/BuildAgent/work/3baf8a8a2db7fedb/assemblies/Confirmit.CATI.IntegrationTests.DLL" adapterTypeName="Microsoft.VisualStudio.TestTools.TestTypes.Unit.UnitTestAdapter, Microsoft.VisualStudio.QualityTools.Tips.UnitTest.Adapter, Version=15.0.0.0, Culture=neutral, PublicKeyToken=b03f5f7f11d50a3a" className="Confirmit.CATI.IntegrationTests.Tests.FusionLibTest.Tests.CallManagermentChangeDialModeTests, Confirmit.CATI.IntegrationTests, Version=24.0.2875.0, Culture=neutral, PublicKeyToken=8134450e5a05c0c1" name="SetDialingMode_SetAutomaticMode_NoCallsInBvSvySchedule_BvCallHistoryHasRecords_CallValuesAreNull" />
    </UnitTest>
    <UnitTest name="CheckSupervisorNamePassword_MonitoringSessionIsStarted_ReturnTrue" storage="e:\buildagent\work\3baf8a8a2db7fedb\assemblies\confirmit.cati.integrationtests.dll" id="c99783e8-d4dc-47f1-96be-ee2eedaa9fcf">
      <Owners>
        <Owner name="FIRM\SergeyL" />
      </Owners>
      <Execution id="ac79f783-e15c-4cfe-ae93-791dc3b5255d" />
      <TestMethod codeBase="E:/BuildAgent/work/3baf8a8a2db7fedb/assemblies/Confirmit.CATI.IntegrationTests.DLL" adapterTypeName="Microsoft.VisualStudio.TestTools.TestTypes.Unit.UnitTestAdapter, Microsoft.VisualStudio.QualityTools.Tips.UnitTest.Adapter, Version=15.0.0.0, Culture=neutral, PublicKeyToken=b03f5f7f11d50a3a" className="Confirmit.CATI.IntegrationTests.Tests.MonitoringTest.DeferredMonitoringManagerTest, Confirmit.CATI.IntegrationTests, Version=24.0.2875.0, Culture=neutral, PublicKeyToken=8134450e5a05c0c1" name="CheckSupervisorNamePassword_MonitoringSessionIsStarted_ReturnTrue" />
    </UnitTest>
    <UnitTest name="AutomaticSurveyMode_ProcessConnectedInterviewAfterFilteringByBlackList_WaitingTimeForInterviewerIsCorrected" storage="e:\buildagent\work\3baf8a8a2db7fedb\assemblies\confirmit.cati.integrationtests.dll" id="4bbf28f1-97a5-7d26-d90b-25a45c0bc3f0">
      <Owners>
        <Owner name="FIRM\MaximL" />
      </Owners>
      <Execution id="4e4c5fd9-2094-4e73-a4e4-5a2ffef966ac" />
      <TestMethod codeBase="E:/BuildAgent/work/3baf8a8a2db7fedb/assemblies/Confirmit.CATI.IntegrationTests.DLL" adapterTypeName="Microsoft.VisualStudio.TestTools.TestTypes.Unit.UnitTestAdapter, Microsoft.VisualStudio.QualityTools.Tips.UnitTest.Adapter, Version=15.0.0.0, Culture=neutral, PublicKeyToken=b03f5f7f11d50a3a" className="Confirmit.CATI.IntegrationTests.Tests.InterviewerOnABreak.InterviewerOnABreakTest, Confirmit.CATI.IntegrationTests, Version=24.0.2875.0, Culture=neutral, PublicKeyToken=8134450e5a05c0c1" name="AutomaticSurveyMode_ProcessConnectedInterviewAfterFilteringByBlackList_WaitingTimeForInterviewerIsCorrected" />
    </UnitTest>
    <UnitTest name="AutomaticPersonLogin_SetPendingBreakStatusTwice_NoErrors" storage="e:\buildagent\work\3baf8a8a2db7fedb\assemblies\confirmit.cati.integrationtests.dll" id="8975ff16-ac15-fc14-1902-4513b3cc7777">
      <Owners>
        <Owner name="FIRM\AlexanderL" />
      </Owners>
      <Execution id="2d3bcc66-163e-4b25-bbcc-1a414959b4f3" />
      <TestMethod codeBase="E:/BuildAgent/work/3baf8a8a2db7fedb/assemblies/Confirmit.CATI.IntegrationTests.DLL" adapterTypeName="Microsoft.VisualStudio.TestTools.TestTypes.Unit.UnitTestAdapter, Microsoft.VisualStudio.QualityTools.Tips.UnitTest.Adapter, Version=15.0.0.0, Culture=neutral, PublicKeyToken=b03f5f7f11d50a3a" className="Confirmit.CATI.IntegrationTests.Tests.InterviewerOnABreak.InterviewerOnABreakTest, Confirmit.CATI.IntegrationTests, Version=24.0.2875.0, Culture=neutral, PublicKeyToken=8134450e5a05c0c1" name="AutomaticPersonLogin_SetPendingBreakStatusTwice_NoErrors" />
    </UnitTest>
    <UnitTest name="SetDialingMode_SetAutomaticMode_CallsInBvSvySchedule_BvCallHistoryHasRecordsWithCallValues" storage="e:\buildagent\work\3baf8a8a2db7fedb\assemblies\confirmit.cati.integrationtests.dll" id="26d1a9be-d28b-e9f0-dc8b-9feae41a21be">
      <Owners>
        <Owner name="FIRM\LeonidS" />
      </Owners>
      <Execution id="1b527a7b-7d41-41fa-a25c-327311f46996" />
      <TestMethod codeBase="E:/BuildAgent/work/3baf8a8a2db7fedb/assemblies/Confirmit.CATI.IntegrationTests.DLL" adapterTypeName="Microsoft.VisualStudio.TestTools.TestTypes.Unit.UnitTestAdapter, Microsoft.VisualStudio.QualityTools.Tips.UnitTest.Adapter, Version=15.0.0.0, Culture=neutral, PublicKeyToken=b03f5f7f11d50a3a" className="Confirmit.CATI.IntegrationTests.Tests.FusionLibTest.Tests.CallManagermentChangeDialModeTests, Confirmit.CATI.IntegrationTests, Version=24.0.2875.0, Culture=neutral, PublicKeyToken=8134450e5a05c0c1" name="SetDialingMode_SetAutomaticMode_CallsInBvSvySchedule_BvCallHistoryHasRecordsWithCallValues" />
    </UnitTest>
    <UnitTest name="RebuildIndexes_RebuildAllIndexes_RebuildSuccess" storage="e:\buildagent\work\3baf8a8a2db7fedb\assemblies\confirmit.cati.integrationtests.dll" id="d7dc6a36-e78f-fed2-24b1-43eb82e32860">
      <Owners>
        <Owner name="firm\vyacheslavb" />
      </Owners>
      <Execution id="d2cf92ab-de54-4df6-ad92-3666c31a81b3" />
      <TestMethod codeBase="E:/BuildAgent/work/3baf8a8a2db7fedb/assemblies/Confirmit.CATI.IntegrationTests.DLL" adapterTypeName="Microsoft.VisualStudio.TestTools.TestTypes.Unit.UnitTestAdapter, Microsoft.VisualStudio.QualityTools.Tips.UnitTest.Adapter, Version=15.0.0.0, Culture=neutral, PublicKeyToken=b03f5f7f11d50a3a" className="Confirmit.CATI.IntegrationTests.Tests.RoutineMaintenance.Actions.DatabaseIndexesActionsTest, Confirmit.CATI.IntegrationTests, Version=24.0.2875.0, Culture=neutral, PublicKeyToken=8134450e5a05c0c1" name="RebuildIndexes_RebuildAllIndexes_RebuildSuccess" />
    </UnitTest>
    <UnitTest name="Search_FilterByNumeric_FilteringIsOK" storage="e:\buildagent\work\3baf8a8a2db7fedb\assemblies\confirmit.cati.integrationtests.dll" id="194dfed7-6bc7-b056-49bf-8920f061ec44">
      <Owners>
        <Owner name="Firm\MaximL" />
      </Owners>
      <Execution id="e3f45011-1f50-49c7-94f5-24cbab1b0e9b" />
      <TestMethod codeBase="E:/BuildAgent/work/3baf8a8a2db7fedb/assemblies/Confirmit.CATI.IntegrationTests.DLL" adapterTypeName="Microsoft.VisualStudio.TestTools.TestTypes.Unit.UnitTestAdapter, Microsoft.VisualStudio.QualityTools.Tips.UnitTest.Adapter, Version=15.0.0.0, Culture=neutral, PublicKeyToken=b03f5f7f11d50a3a" className="Confirmit.CATI.IntegrationTests.Tests.FilterAndPaging.Tests.CallListSearchTest, Confirmit.CATI.IntegrationTests, Version=24.0.2875.0, Culture=neutral, PublicKeyToken=8134450e5a05c0c1" name="Search_FilterByNumeric_FilteringIsOK" />
    </UnitTest>
    <UnitTest name="CallHelper_StringLikeWithAsteriskPattern_Success" storage="e:\buildagent\work\3baf8a8a2db7fedb\assemblies\confirmit.cati.integrationtests.dll" id="b737430a-e2fc-3c42-a65c-f34928511aff">
      <Owners>
        <Owner name="FIRM\SergeyC" />
      </Owners>
      <Execution id="ce9de748-2f36-4e72-8952-7ab026a9641e" />
      <TestMethod codeBase="E:/BuildAgent/work/3baf8a8a2db7fedb/assemblies/Confirmit.CATI.IntegrationTests.DLL" adapterTypeName="Microsoft.VisualStudio.TestTools.TestTypes.Unit.UnitTestAdapter, Microsoft.VisualStudio.QualityTools.Tips.UnitTest.Adapter, Version=15.0.0.0, Culture=neutral, PublicKeyToken=b03f5f7f11d50a3a" className="Confirmit.CATI.IntegrationTests.Tests.FilterAndPaging.Tests.CallListSearchTest, Confirmit.CATI.IntegrationTests, Version=24.0.2875.0, Culture=neutral, PublicKeyToken=8134450e5a05c0c1" name="CallHelper_StringLikeWithAsteriskPattern_Success" />
    </UnitTest>
    <UnitTest name="AutomaticPersonLogin_StartInterviewDuringPendingBreakBeforeBreakStatus_CallIsNotDelivered" storage="e:\buildagent\work\3baf8a8a2db7fedb\assemblies\confirmit.cati.integrationtests.dll" id="b8869a88-fbee-2790-d355-e2d88e5e44be">
      <Owners>
        <Owner name="FIRM\AlexanderL" />
      </Owners>
      <Execution id="b591f693-714a-410b-9955-ab68efbd7f88" />
      <TestMethod codeBase="E:/BuildAgent/work/3baf8a8a2db7fedb/assemblies/Confirmit.CATI.IntegrationTests.DLL" adapterTypeName="Microsoft.VisualStudio.TestTools.TestTypes.Unit.UnitTestAdapter, Microsoft.VisualStudio.QualityTools.Tips.UnitTest.Adapter, Version=15.0.0.0, Culture=neutral, PublicKeyToken=b03f5f7f11d50a3a" className="Confirmit.CATI.IntegrationTests.Tests.InterviewerOnABreak.InterviewerOnABreakTest, Confirmit.CATI.IntegrationTests, Version=24.0.2875.0, Culture=neutral, PublicKeyToken=8134450e5a05c0c1" name="AutomaticPersonLogin_StartInterviewDuringPendingBreakBeforeBreakStatus_CallIsNotDelivered" />
    </UnitTest>
    <UnitTest name="UpdateSample_CallExists_CallShouldBeUpdated" storage="e:\buildagent\work\3baf8a8a2db7fedb\assemblies\confirmit.cati.integrationtests.dll" id="8c2454f7-c12f-d9f1-c821-864da3d84291">
      <Execution id="63719007-b32c-4a56-a892-c6aa162dcb6b" />
      <TestMethod codeBase="E:/BuildAgent/work/3baf8a8a2db7fedb/assemblies/Confirmit.CATI.IntegrationTests.DLL" adapterTypeName="Microsoft.VisualStudio.TestTools.TestTypes.Unit.UnitTestAdapter, Microsoft.VisualStudio.QualityTools.Tips.UnitTest.Adapter, Version=15.0.0.0, Culture=neutral, PublicKeyToken=b03f5f7f11d50a3a" className="Confirmit.CATI.IntegrationTests.Tests.SampleTest.UpdateSampleTests, Confirmit.CATI.IntegrationTests, Version=24.0.2875.0, Culture=neutral, PublicKeyToken=8134450e5a05c0c1" name="UpdateSample_CallExists_CallShouldBeUpdated" />
    </UnitTest>
    <UnitTest name="AutomaticPersonLogin_ResetPendingBreakStatus_NextInterviewIsDelivered" storage="e:\buildagent\work\3baf8a8a2db7fedb\assemblies\confirmit.cati.integrationtests.dll" id="77f9f0b0-3ac8-fd40-a25b-bb4665d78b89">
      <Owners>
        <Owner name="FIRM\AlexanderL" />
      </Owners>
      <Execution id="c6faaa59-928c-473b-94b3-7749a1ee46fa" />
      <TestMethod codeBase="E:/BuildAgent/work/3baf8a8a2db7fedb/assemblies/Confirmit.CATI.IntegrationTests.DLL" adapterTypeName="Microsoft.VisualStudio.TestTools.TestTypes.Unit.UnitTestAdapter, Microsoft.VisualStudio.QualityTools.Tips.UnitTest.Adapter, Version=15.0.0.0, Culture=neutral, PublicKeyToken=b03f5f7f11d50a3a" className="Confirmit.CATI.IntegrationTests.Tests.InterviewerOnABreak.InterviewerOnABreakTest, Confirmit.CATI.IntegrationTests, Version=24.0.2875.0, Culture=neutral, PublicKeyToken=8134450e5a05c0c1" name="AutomaticPersonLogin_ResetPendingBreakStatus_NextInterviewIsDelivered" />
    </UnitTest>
    <UnitTest name="UpdateSample_InterviewInBlackList_CallIsNotCreated" storage="e:\buildagent\work\3baf8a8a2db7fedb\assemblies\confirmit.cati.integrationtests.dll" id="9d276789-13d3-a7db-b456-29114a114b3f">
      <Owners>
        <Owner name="Firm\MaximL" />
      </Owners>
      <Execution id="a4db5af3-2a0e-4ade-b233-7f7341cfd2d3" />
      <TestMethod codeBase="E:/BuildAgent/work/3baf8a8a2db7fedb/assemblies/Confirmit.CATI.IntegrationTests.DLL" adapterTypeName="Microsoft.VisualStudio.TestTools.TestTypes.Unit.UnitTestAdapter, Microsoft.VisualStudio.QualityTools.Tips.UnitTest.Adapter, Version=15.0.0.0, Culture=neutral, PublicKeyToken=b03f5f7f11d50a3a" className="Confirmit.CATI.IntegrationTests.Tests.SampleTest.UpdateSampleTests, Confirmit.CATI.IntegrationTests, Version=24.0.2875.0, Culture=neutral, PublicKeyToken=8134450e5a05c0c1" name="UpdateSample_InterviewInBlackList_CallIsNotCreated" />
    </UnitTest>
    <UnitTest name="SeveralSurveys_InterviewsWithTheSameId_DeliveredBothCalls" storage="e:\buildagent\work\3baf8a8a2db7fedb\assemblies\confirmit.cati.integrationtests.dll" id="671c610f-47c7-447f-5a36-c4e580109049">
      <Owners>
        <Owner name="FIRM\AlexanderL" />
      </Owners>
      <Execution id="13faac4b-3b57-4452-82ad-616534ec1d60" />
      <TestMethod codeBase="E:/BuildAgent/work/3baf8a8a2db7fedb/assemblies/Confirmit.CATI.IntegrationTests.DLL" adapterTypeName="Microsoft.VisualStudio.TestTools.TestTypes.Unit.UnitTestAdapter, Microsoft.VisualStudio.QualityTools.Tips.UnitTest.Adapter, Version=15.0.0.0, Culture=neutral, PublicKeyToken=b03f5f7f11d50a3a" className="Confirmit.CATI.IntegrationTests.Tests.CallDelivering.SeveralSurveysTests, Confirmit.CATI.IntegrationTests, Version=24.0.2875.0, Culture=neutral, PublicKeyToken=8134450e5a05c0c1" name="SeveralSurveys_InterviewsWithTheSameId_DeliveredBothCalls" />
    </UnitTest>
    <UnitTest name="RandomCallDelivery_ActivateSuspendedInterviewsWithRandomEnabledFlag_OrderIsChanged" storage="e:\buildagent\work\3baf8a8a2db7fedb\assemblies\confirmit.cati.integrationtests.dll" id="f4126b1f-5e4b-5166-06f9-58e03c46d4f3">
      <Owners>
        <Owner name="FIRM\AlexanderL" />
      </Owners>
      <Execution id="41b4f738-1605-487a-957f-9919ec52c576" />
      <TestMethod codeBase="E:/BuildAgent/work/3baf8a8a2db7fedb/assemblies/Confirmit.CATI.IntegrationTests.DLL" adapterTypeName="Microsoft.VisualStudio.TestTools.TestTypes.Unit.UnitTestAdapter, Microsoft.VisualStudio.QualityTools.Tips.UnitTest.Adapter, Version=15.0.0.0, Culture=neutral, PublicKeyToken=b03f5f7f11d50a3a" className="Confirmit.CATI.IntegrationTests.Tests.CallDelivering.RandomCallDeliveryTest, Confirmit.CATI.IntegrationTests, Version=24.0.2875.0, Culture=neutral, PublicKeyToken=8134450e5a05c0c1" name="RandomCallDelivery_ActivateSuspendedInterviewsWithRandomEnabledFlag_OrderIsChanged" />
    </UnitTest>
    <UnitTest name="ProcessSample_SimpleScheduling_Success" storage="e:\buildagent\work\3baf8a8a2db7fedb\assemblies\confirmit.cati.integrationtests.dll" id="0f448ee8-3f9d-da67-be87-a799b240bc9c">
      <Owners>
        <Owner name="FIRM\EgorS" />
      </Owners>
      <Execution id="3f8fdf2c-2644-4b5f-b114-cc0f51626505" />
      <TestMethod codeBase="E:/BuildAgent/work/3baf8a8a2db7fedb/assemblies/Confirmit.CATI.IntegrationTests.DLL" adapterTypeName="Microsoft.VisualStudio.TestTools.TestTypes.Unit.UnitTestAdapter, Microsoft.VisualStudio.QualityTools.Tips.UnitTest.Adapter, Version=15.0.0.0, Culture=neutral, PublicKeyToken=b03f5f7f11d50a3a" className="Confirmit.CATI.IntegrationTests.Tests.SampleTest.SampleTests, Confirmit.CATI.IntegrationTests, Version=24.0.2875.0, Culture=neutral, PublicKeyToken=8134450e5a05c0c1" name="ProcessSample_SimpleScheduling_Success" />
    </UnitTest>
    <UnitTest name="CallDelivery_DeassignCallFromGroupsMultipleAssignment_CallIsDeliveredToPerson" storage="e:\buildagent\work\3baf8a8a2db7fedb\assemblies\confirmit.cati.integrationtests.dll" id="b77e833a-2614-66d4-b68e-25a9e3706ce9">
      <Owners>
        <Owner name="FIRM\MaximL" />
      </Owners>
      <Execution id="4e382a9b-c5b8-4594-b6f6-00ad5cc15120" />
      <TestMethod codeBase="E:/BuildAgent/work/3baf8a8a2db7fedb/assemblies/Confirmit.CATI.IntegrationTests.DLL" adapterTypeName="Microsoft.VisualStudio.TestTools.TestTypes.Unit.UnitTestAdapter, Microsoft.VisualStudio.QualityTools.Tips.UnitTest.Adapter, Version=15.0.0.0, Culture=neutral, PublicKeyToken=b03f5f7f11d50a3a" className="Confirmit.CATI.IntegrationTests.Tests.CallDelivering.MultipleAssignmentTests, Confirmit.CATI.IntegrationTests, Version=24.0.2875.0, Culture=neutral, PublicKeyToken=8134450e5a05c0c1" name="CallDelivery_DeassignCallFromGroupsMultipleAssignment_CallIsDeliveredToPerson" />
    </UnitTest>
    <UnitTest name="DialerIsConfigured_SetDialerDefaultSurveyParameters_RightParametersAreSet" storage="e:\buildagent\work\3baf8a8a2db7fedb\assemblies\confirmit.cati.integrationtests.dll" id="514d4a43-2378-431f-c015-78696cabbd8b">
      <Owners>
        <Owner name="FIRM\MikhailT" />
      </Owners>
      <Execution id="cc96e106-fc12-4649-9a52-7a4c9943a50d" />
      <TestMethod codeBase="E:/BuildAgent/work/3baf8a8a2db7fedb/assemblies/Confirmit.CATI.IntegrationTests.DLL" adapterTypeName="Microsoft.VisualStudio.TestTools.TestTypes.Unit.UnitTestAdapter, Microsoft.VisualStudio.QualityTools.Tips.UnitTest.Adapter, Version=15.0.0.0, Culture=neutral, PublicKeyToken=b03f5f7f11d50a3a" className="Confirmit.CATI.IntegrationTests.Tests.DialerSettingsTest.DialerSettingsTest, Confirmit.CATI.IntegrationTests, Version=24.0.2875.0, Culture=neutral, PublicKeyToken=8134450e5a05c0c1" name="DialerIsConfigured_SetDialerDefaultSurveyParameters_RightParametersAreSet" />
    </UnitTest>
    <UnitTest name="GetCallsPage_FilterByDialTypeAutomatic_Success" storage="e:\buildagent\work\3baf8a8a2db7fedb\assemblies\confirmit.cati.integrationtests.dll" id="5abc483a-a8f4-399f-8f68-02c817e02783">
      <Owners>
        <Owner name="FIRM\VictorR" />
      </Owners>
      <Execution id="dd4dd6df-06f2-4ada-afd5-65de68fd1746" />
      <TestMethod codeBase="E:/BuildAgent/work/3baf8a8a2db7fedb/assemblies/Confirmit.CATI.IntegrationTests.DLL" adapterTypeName="Microsoft.VisualStudio.TestTools.TestTypes.Unit.UnitTestAdapter, Microsoft.VisualStudio.QualityTools.Tips.UnitTest.Adapter, Version=15.0.0.0, Culture=neutral, PublicKeyToken=b03f5f7f11d50a3a" className="Confirmit.CATI.IntegrationTests.Tests.FilterAndPaging.Tests.CallListSearchTest, Confirmit.CATI.IntegrationTests, Version=24.0.2875.0, Culture=neutral, PublicKeyToken=8134450e5a05c0c1" name="GetCallsPage_FilterByDialTypeAutomatic_Success" />
    </UnitTest>
    <UnitTest name="DialerHasNoParameters_GetDialerSurveyParameters_EmptyList" storage="e:\buildagent\work\3baf8a8a2db7fedb\assemblies\confirmit.cati.integrationtests.dll" id="7a4f3eb8-d7d8-d237-1204-d49efed55604">
      <Owners>
        <Owner name="FIRM\SvetlanaT" />
      </Owners>
      <Execution id="611702ef-06c3-4344-8d58-fe2472c4557d" />
      <TestMethod codeBase="E:/BuildAgent/work/3baf8a8a2db7fedb/assemblies/Confirmit.CATI.IntegrationTests.DLL" adapterTypeName="Microsoft.VisualStudio.TestTools.TestTypes.Unit.UnitTestAdapter, Microsoft.VisualStudio.QualityTools.Tips.UnitTest.Adapter, Version=15.0.0.0, Culture=neutral, PublicKeyToken=b03f5f7f11d50a3a" className="Confirmit.CATI.IntegrationTests.Tests.DialerSettingsTest.DialerSettingsTest, Confirmit.CATI.IntegrationTests, Version=24.0.2875.0, Culture=neutral, PublicKeyToken=8134450e5a05c0c1" name="DialerHasNoParameters_GetDialerSurveyParameters_EmptyList" />
    </UnitTest>
    <UnitTest name="CallHelper_ConfimitVariablesFilter_AllCallsAreReturned" storage="e:\buildagent\work\3baf8a8a2db7fedb\assemblies\confirmit.cati.integrationtests.dll" id="4c70933b-7367-7230-7ce0-4cc9ae7f25d7">
      <Owners>
        <Owner name="FIRM\SergeyC" />
      </Owners>
      <Execution id="07f2f1f3-8e02-4ed5-b793-daeb6b45b30b" />
      <TestMethod codeBase="E:/BuildAgent/work/3baf8a8a2db7fedb/assemblies/Confirmit.CATI.IntegrationTests.DLL" adapterTypeName="Microsoft.VisualStudio.TestTools.TestTypes.Unit.UnitTestAdapter, Microsoft.VisualStudio.QualityTools.Tips.UnitTest.Adapter, Version=15.0.0.0, Culture=neutral, PublicKeyToken=b03f5f7f11d50a3a" className="Confirmit.CATI.IntegrationTests.Tests.FilterAndPaging.Tests.CallListSearchTest, Confirmit.CATI.IntegrationTests, Version=24.0.2875.0, Culture=neutral, PublicKeyToken=8134450e5a05c0c1" name="CallHelper_ConfimitVariablesFilter_AllCallsAreReturned" />
    </UnitTest>
    <UnitTest name="AddSample_WithTimezone_VerifyTimezoneActivated" storage="e:\buildagent\work\3baf8a8a2db7fedb\assemblies\confirmit.cati.integrationtests.dll" id="83cac5bd-b0d9-a8f0-1a76-10b13ade1f5d">
      <Owners>
        <Owner name="FIRM\AlexanderL" />
      </Owners>
      <Execution id="6b8e91eb-87b4-465b-9427-94ecf500f543" />
      <TestMethod codeBase="E:/BuildAgent/work/3baf8a8a2db7fedb/assemblies/Confirmit.CATI.IntegrationTests.DLL" adapterTypeName="Microsoft.VisualStudio.TestTools.TestTypes.Unit.UnitTestAdapter, Microsoft.VisualStudio.QualityTools.Tips.UnitTest.Adapter, Version=15.0.0.0, Culture=neutral, PublicKeyToken=b03f5f7f11d50a3a" className="Confirmit.CATI.IntegrationTests.Tests.SampleTest.SampleTests, Confirmit.CATI.IntegrationTests, Version=24.0.2875.0, Culture=neutral, PublicKeyToken=8134450e5a05c0c1" name="AddSample_WithTimezone_VerifyTimezoneActivated" />
    </UnitTest>
    <UnitTest name="SeveralSurveys_BothSurveysAreOpen_DeliveredCallsAreFromBothSurveys" storage="e:\buildagent\work\3baf8a8a2db7fedb\assemblies\confirmit.cati.integrationtests.dll" id="e74f1a91-acc0-74f6-a452-4fcda2d201e8">
      <Owners>
        <Owner name="FIRM\AlexanderL" />
      </Owners>
      <Execution id="25a32a53-a34e-4095-a7bf-45e7ee2159fd" />
      <TestMethod codeBase="E:/BuildAgent/work/3baf8a8a2db7fedb/assemblies/Confirmit.CATI.IntegrationTests.DLL" adapterTypeName="Microsoft.VisualStudio.TestTools.TestTypes.Unit.UnitTestAdapter, Microsoft.VisualStudio.QualityTools.Tips.UnitTest.Adapter, Version=15.0.0.0, Culture=neutral, PublicKeyToken=b03f5f7f11d50a3a" className="Confirmit.CATI.IntegrationTests.Tests.CallDelivering.SeveralSurveysTests, Confirmit.CATI.IntegrationTests, Version=24.0.2875.0, Culture=neutral, PublicKeyToken=8134450e5a05c0c1" name="SeveralSurveys_BothSurveysAreOpen_DeliveredCallsAreFromBothSurveys" />
    </UnitTest>
    <UnitTest name="AddEnabledCall_CallIsOpenedByFcd_CallIsCreatedAndEnabled" storage="e:\buildagent\work\3baf8a8a2db7fedb\assemblies\confirmit.cati.integrationtests.dll" id="2db4b592-d4cb-6cb9-54b7-5529eca635dc">
      <Owners>
        <Owner name="FIRM\MaximL" />
      </Owners>
      <Execution id="80594a87-9076-4c39-818b-ba7dae7dfe8a" />
      <TestMethod codeBase="E:/BuildAgent/work/3baf8a8a2db7fedb/assemblies/Confirmit.CATI.IntegrationTests.DLL" adapterTypeName="Microsoft.VisualStudio.TestTools.TestTypes.Unit.UnitTestAdapter, Microsoft.VisualStudio.QualityTools.Tips.UnitTest.Adapter, Version=15.0.0.0, Culture=neutral, PublicKeyToken=b03f5f7f11d50a3a" className="Confirmit.CATI.IntegrationTests.Tests.FusionLibTest.Tests.CallAdditionTests, Confirmit.CATI.IntegrationTests, Version=24.0.2875.0, Culture=neutral, PublicKeyToken=8134450e5a05c0c1" name="AddEnabledCall_CallIsOpenedByFcd_CallIsCreatedAndEnabled" />
    </UnitTest>
    <UnitTest name="CallDelivery_CallWithMultipleAssignment_CallIsnotDeliveredToPerson" storage="e:\buildagent\work\3baf8a8a2db7fedb\assemblies\confirmit.cati.integrationtests.dll" id="a9b46431-3df6-f618-f295-1b0b6602e9c1">
      <Owners>
        <Owner name="FIRM\MaximL" />
      </Owners>
      <Execution id="8d521236-6cb4-4a42-8600-b97c8bc36a68" />
      <TestMethod codeBase="E:/BuildAgent/work/3baf8a8a2db7fedb/assemblies/Confirmit.CATI.IntegrationTests.DLL" adapterTypeName="Microsoft.VisualStudio.TestTools.TestTypes.Unit.UnitTestAdapter, Microsoft.VisualStudio.QualityTools.Tips.UnitTest.Adapter, Version=15.0.0.0, Culture=neutral, PublicKeyToken=b03f5f7f11d50a3a" className="Confirmit.CATI.IntegrationTests.Tests.CallDelivering.MultipleAssignmentTests, Confirmit.CATI.IntegrationTests, Version=24.0.2875.0, Culture=neutral, PublicKeyToken=8134450e5a05c0c1" name="CallDelivery_CallWithMultipleAssignment_CallIsnotDeliveredToPerson" />
    </UnitTest>
    <UnitTest name="SeveralSurveys_BothSurveysAreOpen_DeliveredMostPriorityCall" storage="e:\buildagent\work\3baf8a8a2db7fedb\assemblies\confirmit.cati.integrationtests.dll" id="ff8bf65e-6ad4-9aad-3884-5b33b73ed35c">
      <Owners>
        <Owner name="FIRM\AlexanderL" />
      </Owners>
      <Execution id="4dfdc9ee-f9b1-4924-810d-3c2e5eadba31" />
      <TestMethod codeBase="E:/BuildAgent/work/3baf8a8a2db7fedb/assemblies/Confirmit.CATI.IntegrationTests.DLL" adapterTypeName="Microsoft.VisualStudio.TestTools.TestTypes.Unit.UnitTestAdapter, Microsoft.VisualStudio.QualityTools.Tips.UnitTest.Adapter, Version=15.0.0.0, Culture=neutral, PublicKeyToken=b03f5f7f11d50a3a" className="Confirmit.CATI.IntegrationTests.Tests.CallDelivering.SeveralSurveysTests, Confirmit.CATI.IntegrationTests, Version=24.0.2875.0, Culture=neutral, PublicKeyToken=8134450e5a05c0c1" name="SeveralSurveys_BothSurveysAreOpen_DeliveredMostPriorityCall" />
    </UnitTest>
    <UnitTest name="AutomaticPersonLogin_ResetPendingBreakStatusTwice_NoErrors" storage="e:\buildagent\work\3baf8a8a2db7fedb\assemblies\confirmit.cati.integrationtests.dll" id="edb16cf0-9606-370e-8ec8-2cf3e7f4097d">
      <Owners>
        <Owner name="FIRM\AlexanderL" />
      </Owners>
      <Execution id="51c0b153-de45-4fcd-a352-c341bff085f4" />
      <TestMethod codeBase="E:/BuildAgent/work/3baf8a8a2db7fedb/assemblies/Confirmit.CATI.IntegrationTests.DLL" adapterTypeName="Microsoft.VisualStudio.TestTools.TestTypes.Unit.UnitTestAdapter, Microsoft.VisualStudio.QualityTools.Tips.UnitTest.Adapter, Version=15.0.0.0, Culture=neutral, PublicKeyToken=b03f5f7f11d50a3a" className="Confirmit.CATI.IntegrationTests.Tests.InterviewerOnABreak.InterviewerOnABreakTest, Confirmit.CATI.IntegrationTests, Version=24.0.2875.0, Culture=neutral, PublicKeyToken=8134450e5a05c0c1" name="AutomaticPersonLogin_ResetPendingBreakStatusTwice_NoErrors" />
    </UnitTest>
    <UnitTest name="SetDialingMode_ResetSelected_ModeIsReset" storage="e:\buildagent\work\3baf8a8a2db7fedb\assemblies\confirmit.cati.integrationtests.dll" id="26478f90-129c-feeb-4010-ffa417abb42a">
      <Owners>
        <Owner name="FIRM\SergeyC" />
      </Owners>
      <Execution id="4270a57f-29ac-48f0-99b7-1f22e8c1b638" />
      <TestMethod codeBase="E:/BuildAgent/work/3baf8a8a2db7fedb/assemblies/Confirmit.CATI.IntegrationTests.DLL" adapterTypeName="Microsoft.VisualStudio.TestTools.TestTypes.Unit.UnitTestAdapter, Microsoft.VisualStudio.QualityTools.Tips.UnitTest.Adapter, Version=15.0.0.0, Culture=neutral, PublicKeyToken=b03f5f7f11d50a3a" className="Confirmit.CATI.IntegrationTests.Tests.FusionLibTest.Tests.CallManagermentChangeDialModeTests, Confirmit.CATI.IntegrationTests, Version=24.0.2875.0, Culture=neutral, PublicKeyToken=8134450e5a05c0c1" name="SetDialingMode_ResetSelected_ModeIsReset" />
    </UnitTest>
    <UnitTest name="AddSample_FcdIsOpen_UnknownDataAreFilteredByFCD" storage="e:\buildagent\work\3baf8a8a2db7fedb\assemblies\confirmit.cati.integrationtests.dll" id="c79fd847-bbe3-10be-db04-d2d44b910180">
      <Owners>
        <Owner name="FIRM\LeonidS" />
      </Owners>
      <Execution id="1de5219d-1e35-4bdd-9da4-e719f1f37737" />
      <TestMethod codeBase="E:/BuildAgent/work/3baf8a8a2db7fedb/assemblies/Confirmit.CATI.IntegrationTests.DLL" adapterTypeName="Microsoft.VisualStudio.TestTools.TestTypes.Unit.UnitTestAdapter, Microsoft.VisualStudio.QualityTools.Tips.UnitTest.Adapter, Version=15.0.0.0, Culture=neutral, PublicKeyToken=b03f5f7f11d50a3a" className="Confirmit.CATI.IntegrationTests.Tests.SampleTest.SampleTests, Confirmit.CATI.IntegrationTests, Version=24.0.2875.0, Culture=neutral, PublicKeyToken=8134450e5a05c0c1" name="AddSample_FcdIsOpen_UnknownDataAreFilteredByFCD" />
    </UnitTest>
    <UnitTest name="RandomCallDelivery_ChangeRandomEnableFlag_OrderIsChanged" storage="e:\buildagent\work\3baf8a8a2db7fedb\assemblies\confirmit.cati.integrationtests.dll" id="2fc84be5-365e-11f2-1971-2217bb541188">
      <Owners>
        <Owner name="FIRM\AlexanderL" />
      </Owners>
      <Execution id="354ca8f3-21cd-4c73-91dd-4851f4d3b1ec" />
      <TestMethod codeBase="E:/BuildAgent/work/3baf8a8a2db7fedb/assemblies/Confirmit.CATI.IntegrationTests.DLL" adapterTypeName="Microsoft.VisualStudio.TestTools.TestTypes.Unit.UnitTestAdapter, Microsoft.VisualStudio.QualityTools.Tips.UnitTest.Adapter, Version=15.0.0.0, Culture=neutral, PublicKeyToken=b03f5f7f11d50a3a" className="Confirmit.CATI.IntegrationTests.Tests.CallDelivering.RandomCallDeliveryTest, Confirmit.CATI.IntegrationTests, Version=24.0.2875.0, Culture=neutral, PublicKeyToken=8134450e5a05c0c1" name="RandomCallDelivery_ChangeRandomEnableFlag_OrderIsChanged" />
    </UnitTest>
    <UnitTest name="AddSample_ErrorInAddSampleThreadOnSampleRequestBatch_BatchIsRetried" storage="e:\buildagent\work\3baf8a8a2db7fedb\assemblies\confirmit.cati.integrationtests.dll" id="d294dacd-9187-f965-87ed-279550d2cc3b">
      <Owners>
        <Owner name="FIRM\MaximL" />
      </Owners>
      <Execution id="5e2b30af-67ae-4846-a0f5-8aa5fb74f837" />
      <TestMethod codeBase="E:/BuildAgent/work/3baf8a8a2db7fedb/assemblies/Confirmit.CATI.IntegrationTests.DLL" adapterTypeName="Microsoft.VisualStudio.TestTools.TestTypes.Unit.UnitTestAdapter, Microsoft.VisualStudio.QualityTools.Tips.UnitTest.Adapter, Version=15.0.0.0, Culture=neutral, PublicKeyToken=b03f5f7f11d50a3a" className="Confirmit.CATI.IntegrationTests.Tests.SampleTest.SampleTests, Confirmit.CATI.IntegrationTests, Version=24.0.2875.0, Culture=neutral, PublicKeyToken=8134450e5a05c0c1" name="AddSample_ErrorInAddSampleThreadOnSampleRequestBatch_BatchIsRetried" />
    </UnitTest>
    <UnitTest name="CallHelper_StringLikeWithSimplePattern_Success" storage="e:\buildagent\work\3baf8a8a2db7fedb\assemblies\confirmit.cati.integrationtests.dll" id="8cbe6374-2d25-d526-75b2-ab739c416ce7">
      <Owners>
        <Owner name="FIRM\SergeyC" />
      </Owners>
      <Execution id="30fa259e-6591-4a4f-8f94-0e532b79c8e0" />
      <TestMethod codeBase="E:/BuildAgent/work/3baf8a8a2db7fedb/assemblies/Confirmit.CATI.IntegrationTests.DLL" adapterTypeName="Microsoft.VisualStudio.TestTools.TestTypes.Unit.UnitTestAdapter, Microsoft.VisualStudio.QualityTools.Tips.UnitTest.Adapter, Version=15.0.0.0, Culture=neutral, PublicKeyToken=b03f5f7f11d50a3a" className="Confirmit.CATI.IntegrationTests.Tests.FilterAndPaging.Tests.CallListSearchTest, Confirmit.CATI.IntegrationTests, Version=24.0.2875.0, Culture=neutral, PublicKeyToken=8134450e5a05c0c1" name="CallHelper_StringLikeWithSimplePattern_Success" />
    </UnitTest>
    <UnitTest name="AddSample_ErrorAddBatchPartition_CorrectMessageAreReturned" storage="e:\buildagent\work\3baf8a8a2db7fedb\assemblies\confirmit.cati.integrationtests.dll" id="941a86c4-e241-9ea9-ab8b-e57392063788">
      <Owners>
        <Owner name="FIRM\MaximL" />
      </Owners>
      <Execution id="3c1518f3-ea28-4c8b-bbd1-71598ffc21c7" />
      <TestMethod codeBase="E:/BuildAgent/work/3baf8a8a2db7fedb/assemblies/Confirmit.CATI.IntegrationTests.DLL" adapterTypeName="Microsoft.VisualStudio.TestTools.TestTypes.Unit.UnitTestAdapter, Microsoft.VisualStudio.QualityTools.Tips.UnitTest.Adapter, Version=15.0.0.0, Culture=neutral, PublicKeyToken=b03f5f7f11d50a3a" className="Confirmit.CATI.IntegrationTests.Tests.SampleTest.SampleTests, Confirmit.CATI.IntegrationTests, Version=24.0.2875.0, Culture=neutral, PublicKeyToken=8134450e5a05c0c1" name="AddSample_ErrorAddBatchPartition_CorrectMessageAreReturned" />
    </UnitTest>
    <UnitTest name="DialerIsNotConfigured_GetDialerDefaultSurveyParameters_EmptyList" storage="e:\buildagent\work\3baf8a8a2db7fedb\assemblies\confirmit.cati.integrationtests.dll" id="fc2299da-5b40-1121-2e20-141a27b9be45">
      <Owners>
        <Owner name="FIRM\SvetlanaT" />
      </Owners>
      <Execution id="4915fd48-0fd5-4602-ad78-26de624164b3" />
      <TestMethod codeBase="E:/BuildAgent/work/3baf8a8a2db7fedb/assemblies/Confirmit.CATI.IntegrationTests.DLL" adapterTypeName="Microsoft.VisualStudio.TestTools.TestTypes.Unit.UnitTestAdapter, Microsoft.VisualStudio.QualityTools.Tips.UnitTest.Adapter, Version=15.0.0.0, Culture=neutral, PublicKeyToken=b03f5f7f11d50a3a" className="Confirmit.CATI.IntegrationTests.Tests.DialerSettingsTest.DialerSettingsTest, Confirmit.CATI.IntegrationTests, Version=24.0.2875.0, Culture=neutral, PublicKeyToken=8134450e5a05c0c1" name="DialerIsNotConfigured_GetDialerDefaultSurveyParameters_EmptyList" />
    </UnitTest>
    <UnitTest name="AddSample_FullScheduling_Success" storage="e:\buildagent\work\3baf8a8a2db7fedb\assemblies\confirmit.cati.integrationtests.dll" id="b756c100-2d57-2358-1d56-2d75adff03c4">
      <Owners>
        <Owner name="FIRM\MaximL" />
      </Owners>
      <Execution id="96aa10d5-f882-495a-9079-9cdf76a006ae" />
      <TestMethod codeBase="E:/BuildAgent/work/3baf8a8a2db7fedb/assemblies/Confirmit.CATI.IntegrationTests.DLL" adapterTypeName="Microsoft.VisualStudio.TestTools.TestTypes.Unit.UnitTestAdapter, Microsoft.VisualStudio.QualityTools.Tips.UnitTest.Adapter, Version=15.0.0.0, Culture=neutral, PublicKeyToken=b03f5f7f11d50a3a" className="Confirmit.CATI.IntegrationTests.Tests.SampleTest.SampleTests, Confirmit.CATI.IntegrationTests, Version=24.0.2875.0, Culture=neutral, PublicKeyToken=8134450e5a05c0c1" name="AddSample_FullScheduling_Success" />
    </UnitTest>
    <UnitTest name="MergeSample_FullScheduling_Success" storage="e:\buildagent\work\3baf8a8a2db7fedb\assemblies\confirmit.cati.integrationtests.dll" id="511a87fd-3268-54f5-f0ae-743f32d24834">
      <Owners>
        <Owner name="FIRM\EgorS" />
      </Owners>
      <Execution id="49490411-8ff9-4eeb-b33d-7fc58aeee29b" />
      <TestMethod codeBase="E:/BuildAgent/work/3baf8a8a2db7fedb/assemblies/Confirmit.CATI.IntegrationTests.DLL" adapterTypeName="Microsoft.VisualStudio.TestTools.TestTypes.Unit.UnitTestAdapter, Microsoft.VisualStudio.QualityTools.Tips.UnitTest.Adapter, Version=15.0.0.0, Culture=neutral, PublicKeyToken=b03f5f7f11d50a3a" className="Confirmit.CATI.IntegrationTests.Tests.SampleTest.UpdateSampleTests, Confirmit.CATI.IntegrationTests, Version=24.0.2875.0, Culture=neutral, PublicKeyToken=8134450e5a05c0c1" name="MergeSample_FullScheduling_Success" />
    </UnitTest>
    <UnitTest name="CallHistory_InsertRecordToHistoryForTheSameInterviewTwice_TwoRecordsAreExported" storage="e:\buildagent\work\3baf8a8a2db7fedb\assemblies\confirmit.cati.integrationtests.dll" id="e7408d3f-4b37-7d0c-429d-9b435cc73786">
      <Owners>
        <Owner name="FROM\AlexanderL" />
      </Owners>
      <Execution id="ae2fb5c7-426e-4a87-8872-c452a5c2ce89" />
      <TestMethod codeBase="E:/BuildAgent/work/3baf8a8a2db7fedb/assemblies/Confirmit.CATI.IntegrationTests.DLL" adapterTypeName="Microsoft.VisualStudio.TestTools.TestTypes.Unit.UnitTestAdapter, Microsoft.VisualStudio.QualityTools.Tips.UnitTest.Adapter, Version=15.0.0.0, Culture=neutral, PublicKeyToken=b03f5f7f11d50a3a" className="Confirmit.CATI.IntegrationTests.Tests.FusionLibTest.Tests.CallHistoryExportTest, Confirmit.CATI.IntegrationTests, Version=24.0.2875.0, Culture=neutral, PublicKeyToken=8134450e5a05c0c1" name="CallHistory_InsertRecordToHistoryForTheSameInterviewTwice_TwoRecordsAreExported" />
    </UnitTest>
    <UnitTest name="ProcessSample_UpdateMode_EnableDisabledByUserCallsDuringUpdate_CallsEnabled" storage="e:\buildagent\work\3baf8a8a2db7fedb\assemblies\confirmit.cati.integrationtests.dll" id="bb378e5d-b186-7c5d-448d-bbd7bfd407f8">
      <Owners>
        <Owner name="FIRM\MaximL" />
      </Owners>
      <Execution id="c4b6ae6d-e71c-45ca-a5a2-9a055dd260e1" />
      <TestMethod codeBase="E:/BuildAgent/work/3baf8a8a2db7fedb/assemblies/Confirmit.CATI.IntegrationTests.DLL" adapterTypeName="Microsoft.VisualStudio.TestTools.TestTypes.Unit.UnitTestAdapter, Microsoft.VisualStudio.QualityTools.Tips.UnitTest.Adapter, Version=15.0.0.0, Culture=neutral, PublicKeyToken=b03f5f7f11d50a3a" className="Confirmit.CATI.IntegrationTests.Tests.SampleTest.UpdateSampleTests, Confirmit.CATI.IntegrationTests, Version=24.0.2875.0, Culture=neutral, PublicKeyToken=8134450e5a05c0c1" name="ProcessSample_UpdateMode_EnableDisabledByUserCallsDuringUpdate_CallsEnabled" />
    </UnitTest>
    <UnitTest name="CallDelivery_AssignCallToGroups_CallIsDeliveredToPerson" storage="e:\buildagent\work\3baf8a8a2db7fedb\assemblies\confirmit.cati.integrationtests.dll" id="07e319aa-4cf1-949d-5060-0975e800a115">
      <Owners>
        <Owner name="FIRM\MaximL" />
      </Owners>
      <Execution id="abacb85d-8342-4efc-ae7a-79ffcb72f8eb" />
      <TestMethod codeBase="E:/BuildAgent/work/3baf8a8a2db7fedb/assemblies/Confirmit.CATI.IntegrationTests.DLL" adapterTypeName="Microsoft.VisualStudio.TestTools.TestTypes.Unit.UnitTestAdapter, Microsoft.VisualStudio.QualityTools.Tips.UnitTest.Adapter, Version=15.0.0.0, Culture=neutral, PublicKeyToken=b03f5f7f11d50a3a" className="Confirmit.CATI.IntegrationTests.Tests.CallDelivering.MultipleAssignmentTests, Confirmit.CATI.IntegrationTests, Version=24.0.2875.0, Culture=neutral, PublicKeyToken=8134450e5a05c0c1" name="CallDelivery_AssignCallToGroups_CallIsDeliveredToPerson" />
    </UnitTest>
    <UnitTest name="SurveyAssignmentPersonLogin_BreakDuringNoCalls_WaitingTimeSet" storage="e:\buildagent\work\3baf8a8a2db7fedb\assemblies\confirmit.cati.integrationtests.dll" id="f964ea4d-dc84-aba9-1f46-463e2455de68">
      <Owners>
        <Owner name="FIRM\AlexanderL" />
      </Owners>
      <Execution id="d9f5ca02-f0be-4505-820d-9a316551a1e9" />
      <TestMethod codeBase="E:/BuildAgent/work/3baf8a8a2db7fedb/assemblies/Confirmit.CATI.IntegrationTests.DLL" adapterTypeName="Microsoft.VisualStudio.TestTools.TestTypes.Unit.UnitTestAdapter, Microsoft.VisualStudio.QualityTools.Tips.UnitTest.Adapter, Version=15.0.0.0, Culture=neutral, PublicKeyToken=b03f5f7f11d50a3a" className="Confirmit.CATI.IntegrationTests.Tests.InterviewerOnABreak.InterviewerOnABreakTest, Confirmit.CATI.IntegrationTests, Version=24.0.2875.0, Culture=neutral, PublicKeyToken=8134450e5a05c0c1" name="SurveyAssignmentPersonLogin_BreakDuringNoCalls_WaitingTimeSet" />
    </UnitTest>
    <UnitTest name="SetDialingMode_ResetFiltered_ModeIsReset" storage="e:\buildagent\work\3baf8a8a2db7fedb\assemblies\confirmit.cati.integrationtests.dll" id="fe666a3c-478e-be91-b2b8-c203524e2e10">
      <Owners>
        <Owner name="FIRM\SergeyC" />
      </Owners>
      <Execution id="0a482a19-bd1e-4f54-bc23-490582040861" />
      <TestMethod codeBase="E:/BuildAgent/work/3baf8a8a2db7fedb/assemblies/Confirmit.CATI.IntegrationTests.DLL" adapterTypeName="Microsoft.VisualStudio.TestTools.TestTypes.Unit.UnitTestAdapter, Microsoft.VisualStudio.QualityTools.Tips.UnitTest.Adapter, Version=15.0.0.0, Culture=neutral, PublicKeyToken=b03f5f7f11d50a3a" className="Confirmit.CATI.IntegrationTests.Tests.FusionLibTest.Tests.CallManagermentChangeDialModeTests, Confirmit.CATI.IntegrationTests, Version=24.0.2875.0, Culture=neutral, PublicKeyToken=8134450e5a05c0c1" name="SetDialingMode_ResetFiltered_ModeIsReset" />
    </UnitTest>
    <UnitTest name="CallHistory_ExportSeveralSurveys_AllRecordsAreReturned" storage="e:\buildagent\work\3baf8a8a2db7fedb\assemblies\confirmit.cati.integrationtests.dll" id="a0201fc6-7b44-7ec7-8997-a50d34bd868d">
      <Owners>
        <Owner name="FROM\AlexanderL" />
      </Owners>
      <Execution id="9cf3790e-c763-47eb-a4a3-7ed40db702c0" />
      <TestMethod codeBase="E:/BuildAgent/work/3baf8a8a2db7fedb/assemblies/Confirmit.CATI.IntegrationTests.DLL" adapterTypeName="Microsoft.VisualStudio.TestTools.TestTypes.Unit.UnitTestAdapter, Microsoft.VisualStudio.QualityTools.Tips.UnitTest.Adapter, Version=15.0.0.0, Culture=neutral, PublicKeyToken=b03f5f7f11d50a3a" className="Confirmit.CATI.IntegrationTests.Tests.FusionLibTest.Tests.CallHistoryExportTest, Confirmit.CATI.IntegrationTests, Version=24.0.2875.0, Culture=neutral, PublicKeyToken=8134450e5a05c0c1" name="CallHistory_ExportSeveralSurveys_AllRecordsAreReturned" />
    </UnitTest>
    <UnitTest name="PersonDialTypeIsAutomatic_RequestCallsByPersonGroup_OnlyDialTypeAutomaticCallsAreDelivered" storage="e:\buildagent\work\3baf8a8a2db7fedb\assemblies\confirmit.cati.integrationtests.dll" id="1debb353-baaf-c1b5-38aa-ab907728e7cd">
      <Owners>
        <Owner name="FIRM\LeonidS" />
      </Owners>
      <TestCategory>
        <TestCategoryItem TestCategory="TcpaPredictiveMode" />
      </TestCategory>
      <Execution id="a3843460-87c6-4177-a1f2-136e8dd9dc3d" />
      <TestMethod codeBase="E:/BuildAgent/work/3baf8a8a2db7fedb/assemblies/Confirmit.CATI.IntegrationTests.DLL" adapterTypeName="Microsoft.VisualStudio.TestTools.TestTypes.Unit.UnitTestAdapter, Microsoft.VisualStudio.QualityTools.Tips.UnitTest.Adapter, Version=15.0.0.0, Culture=neutral, PublicKeyToken=b03f5f7f11d50a3a" className="Confirmit.CATI.IntegrationTests.Tests.CallDelivering.TcpaPredictiveModeTest, Confirmit.CATI.IntegrationTests, Version=24.0.2875.0, Culture=neutral, PublicKeyToken=8134450e5a05c0c1" name="PersonDialTypeIsAutomatic_RequestCallsByPersonGroup_OnlyDialTypeAutomaticCallsAreDelivered" />
    </UnitTest>
    <UnitTest name="UpdateSample_TwoCallExistsAndWeUpdateOnlyOne_OneCallShouldBeDeletedAndOneShouldNotBeDeleted" storage="e:\buildagent\work\3baf8a8a2db7fedb\assemblies\confirmit.cati.integrationtests.dll" id="b9460a98-4a48-6161-33b2-a98e422e436e">
      <Execution id="d8313c82-a76d-49a5-b7cd-fbeec016a1df" />
      <TestMethod codeBase="E:/BuildAgent/work/3baf8a8a2db7fedb/assemblies/Confirmit.CATI.IntegrationTests.DLL" adapterTypeName="Microsoft.VisualStudio.TestTools.TestTypes.Unit.UnitTestAdapter, Microsoft.VisualStudio.QualityTools.Tips.UnitTest.Adapter, Version=15.0.0.0, Culture=neutral, PublicKeyToken=b03f5f7f11d50a3a" className="Confirmit.CATI.IntegrationTests.Tests.SampleTest.UpdateSampleTests, Confirmit.CATI.IntegrationTests, Version=24.0.2875.0, Culture=neutral, PublicKeyToken=8134450e5a05c0c1" name="UpdateSample_TwoCallExistsAndWeUpdateOnlyOne_OneCallShouldBeDeletedAndOneShouldNotBeDeleted" />
    </UnitTest>
    <UnitTest name="GetCreateByReportTypeCalled_BvScheduledEmailReportsEntityDoesNotExist_BvScheduledEmailReportsEntityIsCreatedAndReturned" storage="e:\buildagent\work\3baf8a8a2db7fedb\assemblies\confirmit.cati.integrationtests.dll" id="91f2a0c9-de96-3e99-4fcc-4cc792a84b01">
      <Owners>
        <Owner name="FIRM\grigoryk" />
      </Owners>
      <Execution id="bfb0eb8d-c630-4965-991c-63bee41b2824" />
      <TestMethod codeBase="E:/BuildAgent/work/3baf8a8a2db7fedb/assemblies/Confirmit.CATI.IntegrationTests.DLL" adapterTypeName="Microsoft.VisualStudio.TestTools.TestTypes.Unit.UnitTestAdapter, Microsoft.VisualStudio.QualityTools.Tips.UnitTest.Adapter, Version=15.0.0.0, Culture=neutral, PublicKeyToken=b03f5f7f11d50a3a" className="Confirmit.CATI.IntegrationTests.Tests.EmailReports.ScheduledEmailReportsRepositoryTests, Confirmit.CATI.IntegrationTests, Version=24.0.2875.0, Culture=neutral, PublicKeyToken=8134450e5a05c0c1" name="GetCreateByReportTypeCalled_BvScheduledEmailReportsEntityDoesNotExist_BvScheduledEmailReportsEntityIsCreatedAndReturned" />
    </UnitTest>
    <UnitTest name="RandomCallDelivery_AddSampleWithRandomEnabledFlag_OrderIsChanged" storage="e:\buildagent\work\3baf8a8a2db7fedb\assemblies\confirmit.cati.integrationtests.dll" id="5f94d6b0-16ff-e25a-1dbb-8d0d47d8b82b">
      <Owners>
        <Owner name="FIRM\AlexanderL" />
      </Owners>
      <Execution id="a4791029-ebb4-4db1-9889-3c5431ff5320" />
      <TestMethod codeBase="E:/BuildAgent/work/3baf8a8a2db7fedb/assemblies/Confirmit.CATI.IntegrationTests.DLL" adapterTypeName="Microsoft.VisualStudio.TestTools.TestTypes.Unit.UnitTestAdapter, Microsoft.VisualStudio.QualityTools.Tips.UnitTest.Adapter, Version=15.0.0.0, Culture=neutral, PublicKeyToken=b03f5f7f11d50a3a" className="Confirmit.CATI.IntegrationTests.Tests.CallDelivering.RandomCallDeliveryTest, Confirmit.CATI.IntegrationTests, Version=24.0.2875.0, Culture=neutral, PublicKeyToken=8134450e5a05c0c1" name="RandomCallDelivery_AddSampleWithRandomEnabledFlag_OrderIsChanged" />
    </UnitTest>
    <UnitTest name="ProcessEvents_SeveralEmptyDeferredRecords_OnlyCurrentInterviewIsCompleted" storage="e:\buildagent\work\3baf8a8a2db7fedb\assemblies\confirmit.cati.integrationtests.dll" id="54ca46a3-fdd5-deca-7e64-dbec840efc81">
      <Owners>
        <Owner name="FIRM\SergeyC" />
      </Owners>
      <Execution id="7eab5f37-30b5-4b89-a67a-363cffd51773" />
      <TestMethod codeBase="E:/BuildAgent/work/3baf8a8a2db7fedb/assemblies/Confirmit.CATI.IntegrationTests.DLL" adapterTypeName="Microsoft.VisualStudio.TestTools.TestTypes.Unit.UnitTestAdapter, Microsoft.VisualStudio.QualityTools.Tips.UnitTest.Adapter, Version=15.0.0.0, Culture=neutral, PublicKeyToken=b03f5f7f11d50a3a" className="Confirmit.CATI.IntegrationTests.Tests.MonitoringTest.DeferredMonitoringManagerTest, Confirmit.CATI.IntegrationTests, Version=24.0.2875.0, Culture=neutral, PublicKeyToken=8134450e5a05c0c1" name="ProcessEvents_SeveralEmptyDeferredRecords_OnlyCurrentInterviewIsCompleted" />
    </UnitTest>
    <UnitTest name="ValidationGroupForMultipleAssignment_GroupInMultipleAssignment_ValidationSuccesed" storage="e:\buildagent\work\3baf8a8a2db7fedb\assemblies\confirmit.cati.integrationtests.dll" id="a5fd7bca-aabf-d300-cdb9-3b7fe7b7f713">
      <Owners>
        <Owner name="FIRM\vyacheslavb" />
      </Owners>
      <Execution id="9570d198-ec42-47b2-80f3-e7197a602534" />
      <TestMethod codeBase="E:/BuildAgent/work/3baf8a8a2db7fedb/assemblies/Confirmit.CATI.IntegrationTests.DLL" adapterTypeName="Microsoft.VisualStudio.TestTools.TestTypes.Unit.UnitTestAdapter, Microsoft.VisualStudio.QualityTools.Tips.UnitTest.Adapter, Version=15.0.0.0, Culture=neutral, PublicKeyToken=b03f5f7f11d50a3a" className="Confirmit.CATI.IntegrationTests.Tests.CallDelivering.MultipleAssignmentTests, Confirmit.CATI.IntegrationTests, Version=24.0.2875.0, Culture=neutral, PublicKeyToken=8134450e5a05c0c1" name="ValidationGroupForMultipleAssignment_GroupInMultipleAssignment_ValidationSuccesed" />
    </UnitTest>
    <UnitTest name="Validate_NoReferences_Success" storage="e:\buildagent\work\3baf8a8a2db7fedb\assemblies\confirmit.cati.integrationtests.dll" id="c46a1687-ed4a-e95f-6b8b-6fee4c9a43ae">
      <Owners>
        <Owner name="FIRM\SergeyC" />
      </Owners>
      <Execution id="ecd0a93c-0cba-40fa-be96-e72b4c36de5f" />
      <TestMethod codeBase="E:/BuildAgent/work/3baf8a8a2db7fedb/assemblies/Confirmit.CATI.IntegrationTests.DLL" adapterTypeName="Microsoft.VisualStudio.TestTools.TestTypes.Unit.UnitTestAdapter, Microsoft.VisualStudio.QualityTools.Tips.UnitTest.Adapter, Version=15.0.0.0, Culture=neutral, PublicKeyToken=b03f5f7f11d50a3a" className="Confirmit.CATI.IntegrationTests.Tests.FilterAndPaging.Tests.FilterCyclicReferenceValidatorTest, Confirmit.CATI.IntegrationTests, Version=24.0.2875.0, Culture=neutral, PublicKeyToken=8134450e5a05c0c1" name="Validate_NoReferences_Success" />
    </UnitTest>
    <UnitTest name="DialerHasParameters_GetDialerSurveyParameters_DefaultParametersList" storage="e:\buildagent\work\3baf8a8a2db7fedb\assemblies\confirmit.cati.integrationtests.dll" id="c6fab776-53e4-9649-88c5-de4a0da48ad4">
      <Owners>
        <Owner name="FIRM\SvetlanaT" />
      </Owners>
      <Execution id="81873327-3a8a-44fb-8bff-681d26e936f3" />
      <TestMethod codeBase="E:/BuildAgent/work/3baf8a8a2db7fedb/assemblies/Confirmit.CATI.IntegrationTests.DLL" adapterTypeName="Microsoft.VisualStudio.TestTools.TestTypes.Unit.UnitTestAdapter, Microsoft.VisualStudio.QualityTools.Tips.UnitTest.Adapter, Version=15.0.0.0, Culture=neutral, PublicKeyToken=b03f5f7f11d50a3a" className="Confirmit.CATI.IntegrationTests.Tests.DialerSettingsTest.DialerSettingsTest, Confirmit.CATI.IntegrationTests, Version=24.0.2875.0, Culture=neutral, PublicKeyToken=8134450e5a05c0c1" name="DialerHasParameters_GetDialerSurveyParameters_DefaultParametersList" />
    </UnitTest>
    <UnitTest name="CheckSupervisorNamePassword_NoMonitoringSessionsAreStarted_ReturnFalse" storage="e:\buildagent\work\3baf8a8a2db7fedb\assemblies\confirmit.cati.integrationtests.dll" id="6b2030be-c327-92bd-3fe8-22eca0b002cb">
      <Owners>
        <Owner name="FIRM\SergeyL" />
      </Owners>
      <Execution id="eb6401dc-b4be-46e6-8500-7283ff454822" />
      <TestMethod codeBase="E:/BuildAgent/work/3baf8a8a2db7fedb/assemblies/Confirmit.CATI.IntegrationTests.DLL" adapterTypeName="Microsoft.VisualStudio.TestTools.TestTypes.Unit.UnitTestAdapter, Microsoft.VisualStudio.QualityTools.Tips.UnitTest.Adapter, Version=15.0.0.0, Culture=neutral, PublicKeyToken=b03f5f7f11d50a3a" className="Confirmit.CATI.IntegrationTests.Tests.MonitoringTest.DeferredMonitoringManagerTest, Confirmit.CATI.IntegrationTests, Version=24.0.2875.0, Culture=neutral, PublicKeyToken=8134450e5a05c0c1" name="CheckSupervisorNamePassword_NoMonitoringSessionsAreStarted_ReturnFalse" />
    </UnitTest>
    <UnitTest name="GetUserGroups_ActivateCall_MultiAssignmentsIsSend" storage="e:\buildagent\work\3baf8a8a2db7fedb\assemblies\confirmit.cati.integrationtests.dll" id="3013dd0d-ab9f-512d-e91d-37b634745de0">
      <Owners>
        <Owner name="FIRM\MaximL" />
      </Owners>
      <Execution id="c47f348f-43ec-47b8-a556-83ed9cc79854" />
      <TestMethod codeBase="E:/BuildAgent/work/3baf8a8a2db7fedb/assemblies/Confirmit.CATI.IntegrationTests.DLL" adapterTypeName="Microsoft.VisualStudio.TestTools.TestTypes.Unit.UnitTestAdapter, Microsoft.VisualStudio.QualityTools.Tips.UnitTest.Adapter, Version=15.0.0.0, Culture=neutral, PublicKeyToken=b03f5f7f11d50a3a" className="Confirmit.CATI.IntegrationTests.Tests.CallDelivering.MultipleAssignmentTests, Confirmit.CATI.IntegrationTests, Version=24.0.2875.0, Culture=neutral, PublicKeyToken=8134450e5a05c0c1" name="GetUserGroups_ActivateCall_MultiAssignmentsIsSend" />
    </UnitTest>
    <UnitTest name="AddDisabledCall_CallIsClosedByFcd_CallIsCreatedAndDisabledByFCD" storage="e:\buildagent\work\3baf8a8a2db7fedb\assemblies\confirmit.cati.integrationtests.dll" id="5c339f59-c965-0fdb-9da8-be5ddb120420">
      <Owners>
        <Owner name="FIRM\MaximL" />
      </Owners>
      <Execution id="62dec6b1-827c-40fc-89b0-d644cd13578b" />
      <TestMethod codeBase="E:/BuildAgent/work/3baf8a8a2db7fedb/assemblies/Confirmit.CATI.IntegrationTests.DLL" adapterTypeName="Microsoft.VisualStudio.TestTools.TestTypes.Unit.UnitTestAdapter, Microsoft.VisualStudio.QualityTools.Tips.UnitTest.Adapter, Version=15.0.0.0, Culture=neutral, PublicKeyToken=b03f5f7f11d50a3a" className="Confirmit.CATI.IntegrationTests.Tests.FusionLibTest.Tests.CallAdditionTests, Confirmit.CATI.IntegrationTests, Version=24.0.2875.0, Culture=neutral, PublicKeyToken=8134450e5a05c0c1" name="AddDisabledCall_CallIsClosedByFcd_CallIsCreatedAndDisabledByFCD" />
    </UnitTest>
    <UnitTest name="AddSample_SimpleMode_TwoInterviewMovedToBlacklist" storage="e:\buildagent\work\3baf8a8a2db7fedb\assemblies\confirmit.cati.integrationtests.dll" id="2d35b39b-05b8-4ed2-f1a1-67a0435c37c2">
      <Owners>
        <Owner name="Firm\MaximL" />
      </Owners>
      <Execution id="1973ea62-11ee-4510-8081-ad71087cf880" />
      <TestMethod codeBase="E:/BuildAgent/work/3baf8a8a2db7fedb/assemblies/Confirmit.CATI.IntegrationTests.DLL" adapterTypeName="Microsoft.VisualStudio.TestTools.TestTypes.Unit.UnitTestAdapter, Microsoft.VisualStudio.QualityTools.Tips.UnitTest.Adapter, Version=15.0.0.0, Culture=neutral, PublicKeyToken=b03f5f7f11d50a3a" className="Confirmit.CATI.IntegrationTests.Tests.CATI.Blacklist.BlacklistAddSampleTest, Confirmit.CATI.IntegrationTests, Version=24.0.2875.0, Culture=neutral, PublicKeyToken=8134450e5a05c0c1" name="AddSample_SimpleMode_TwoInterviewMovedToBlacklist" />
    </UnitTest>
    <UnitTest name="ProcessEvents_ValidIdentityAndEvents_EventsAreCreated" storage="e:\buildagent\work\3baf8a8a2db7fedb\assemblies\confirmit.cati.integrationtests.dll" id="bae2fad3-c2ee-da65-e1cc-e5d1345923c0">
      <Owners>
        <Owner name="FIRM\SergeyL" />
      </Owners>
      <Execution id="59be6d2c-47cf-49ad-8efc-48654414784b" />
      <TestMethod codeBase="E:/BuildAgent/work/3baf8a8a2db7fedb/assemblies/Confirmit.CATI.IntegrationTests.DLL" adapterTypeName="Microsoft.VisualStudio.TestTools.TestTypes.Unit.UnitTestAdapter, Microsoft.VisualStudio.QualityTools.Tips.UnitTest.Adapter, Version=15.0.0.0, Culture=neutral, PublicKeyToken=b03f5f7f11d50a3a" className="Confirmit.CATI.IntegrationTests.Tests.MonitoringTest.DeferredMonitoringManagerTest, Confirmit.CATI.IntegrationTests, Version=24.0.2875.0, Culture=neutral, PublicKeyToken=8134450e5a05c0c1" name="ProcessEvents_ValidIdentityAndEvents_EventsAreCreated" />
    </UnitTest>
    <UnitTest name="UpdateSample_FullSchedulingButNoSampleUpdateRule_DoesNotDoAnythingAndFinishedSuccess" storage="e:\buildagent\work\3baf8a8a2db7fedb\assemblies\confirmit.cati.integrationtests.dll" id="3bbd3d6d-0ea0-5934-29d5-04e8c023db7b">
      <Owners>
        <Owner name="FIRM\EgorS" />
      </Owners>
      <Execution id="ca2b127f-68b5-4b71-b6e8-d825f3001ff1" />
      <TestMethod codeBase="E:/BuildAgent/work/3baf8a8a2db7fedb/assemblies/Confirmit.CATI.IntegrationTests.DLL" adapterTypeName="Microsoft.VisualStudio.TestTools.TestTypes.Unit.UnitTestAdapter, Microsoft.VisualStudio.QualityTools.Tips.UnitTest.Adapter, Version=15.0.0.0, Culture=neutral, PublicKeyToken=b03f5f7f11d50a3a" className="Confirmit.CATI.IntegrationTests.Tests.SampleTest.UpdateSampleTests, Confirmit.CATI.IntegrationTests, Version=24.0.2875.0, Culture=neutral, PublicKeyToken=8134450e5a05c0c1" name="UpdateSample_FullSchedulingButNoSampleUpdateRule_DoesNotDoAnythingAndFinishedSuccess" />
    </UnitTest>
    <UnitTest name="SetDialingMode_SetSelected_SetDialingModeEventIsLogged" storage="e:\buildagent\work\3baf8a8a2db7fedb\assemblies\confirmit.cati.integrationtests.dll" id="e7f7e399-34d7-1ac3-5a98-037e8c18f48b">
      <Owners>
        <Owner name="FIRM\SergeyC" />
      </Owners>
      <Execution id="bc7c134e-b3ce-4491-9053-904f336e489d" />
      <TestMethod codeBase="E:/BuildAgent/work/3baf8a8a2db7fedb/assemblies/Confirmit.CATI.IntegrationTests.DLL" adapterTypeName="Microsoft.VisualStudio.TestTools.TestTypes.Unit.UnitTestAdapter, Microsoft.VisualStudio.QualityTools.Tips.UnitTest.Adapter, Version=15.0.0.0, Culture=neutral, PublicKeyToken=b03f5f7f11d50a3a" className="Confirmit.CATI.IntegrationTests.Tests.FusionLibTest.Tests.CallManagermentChangeDialModeTests, Confirmit.CATI.IntegrationTests, Version=24.0.2875.0, Culture=neutral, PublicKeyToken=8134450e5a05c0c1" name="SetDialingMode_SetSelected_SetDialingModeEventIsLogged" />
    </UnitTest>
    <UnitTest name="UpdateSample_CallNotExistsAndInterviewIsMovedToClosedCellWithoutCreateNewCall_InterviewItsShouldBeChangedToFilteredByFcd" storage="e:\buildagent\work\3baf8a8a2db7fedb\assemblies\confirmit.cati.integrationtests.dll" id="5d0a8c7b-1f77-e9ac-2fb2-b7ed22bfad00">
      <Execution id="d30aa5d5-ebef-47b8-91fb-5c4e8405b402" />
      <TestMethod codeBase="E:/BuildAgent/work/3baf8a8a2db7fedb/assemblies/Confirmit.CATI.IntegrationTests.DLL" adapterTypeName="Microsoft.VisualStudio.TestTools.TestTypes.Unit.UnitTestAdapter, Microsoft.VisualStudio.QualityTools.Tips.UnitTest.Adapter, Version=15.0.0.0, Culture=neutral, PublicKeyToken=b03f5f7f11d50a3a" className="Confirmit.CATI.IntegrationTests.Tests.SampleTest.UpdateSampleTests, Confirmit.CATI.IntegrationTests, Version=24.0.2875.0, Culture=neutral, PublicKeyToken=8134450e5a05c0c1" name="UpdateSample_CallNotExistsAndInterviewIsMovedToClosedCellWithoutCreateNewCall_InterviewItsShouldBeChangedToFilteredByFcd" />
    </UnitTest>
    <UnitTest name="TwoPersonsInAutomaticMode_BothPersonsGoOnABreak_CorrectBreakRecords" storage="e:\buildagent\work\3baf8a8a2db7fedb\assemblies\confirmit.cati.integrationtests.dll" id="15d53b52-8d5b-a612-aba6-98818a09d0f2">
      <Owners>
        <Owner name="FIRM\AlexanderL" />
      </Owners>
      <Execution id="dabcc6fa-fb72-411e-a9fe-db190d2a95fb" />
      <TestMethod codeBase="E:/BuildAgent/work/3baf8a8a2db7fedb/assemblies/Confirmit.CATI.IntegrationTests.DLL" adapterTypeName="Microsoft.VisualStudio.TestTools.TestTypes.Unit.UnitTestAdapter, Microsoft.VisualStudio.QualityTools.Tips.UnitTest.Adapter, Version=15.0.0.0, Culture=neutral, PublicKeyToken=b03f5f7f11d50a3a" className="Confirmit.CATI.IntegrationTests.Tests.InterviewerOnABreak.InterviewerOnABreakTest, Confirmit.CATI.IntegrationTests, Version=24.0.2875.0, Culture=neutral, PublicKeyToken=8134450e5a05c0c1" name="TwoPersonsInAutomaticMode_BothPersonsGoOnABreak_CorrectBreakRecords" />
    </UnitTest>
    <UnitTest name="PersonDialTypeIsAutomatic_RequestCallsByCampaign_OnlyDialTypeAutomaticCallsAreDelivered" storage="e:\buildagent\work\3baf8a8a2db7fedb\assemblies\confirmit.cati.integrationtests.dll" id="cf0c2222-028d-40ed-fde7-af230906aa87">
      <Owners>
        <Owner name="FIRM\LeonidS" />
      </Owners>
      <TestCategory>
        <TestCategoryItem TestCategory="TcpaPredictiveMode" />
      </TestCategory>
      <Execution id="9d6f53b1-ead9-4236-8254-01cc7e7e6765" />
      <TestMethod codeBase="E:/BuildAgent/work/3baf8a8a2db7fedb/assemblies/Confirmit.CATI.IntegrationTests.DLL" adapterTypeName="Microsoft.VisualStudio.TestTools.TestTypes.Unit.UnitTestAdapter, Microsoft.VisualStudio.QualityTools.Tips.UnitTest.Adapter, Version=15.0.0.0, Culture=neutral, PublicKeyToken=b03f5f7f11d50a3a" className="Confirmit.CATI.IntegrationTests.Tests.CallDelivering.TcpaPredictiveModeTest, Confirmit.CATI.IntegrationTests, Version=24.0.2875.0, Culture=neutral, PublicKeyToken=8134450e5a05c0c1" name="PersonDialTypeIsAutomatic_RequestCallsByCampaign_OnlyDialTypeAutomaticCallsAreDelivered" />
    </UnitTest>
    <UnitTest name="AddCall_CallDoesNotExist_CallCreated" storage="e:\buildagent\work\3baf8a8a2db7fedb\assemblies\confirmit.cati.integrationtests.dll" id="01fa321d-9171-bd9f-ccec-5948e3a1e9f2">
      <Owners>
        <Owner name="FIRM\AlexanderL" />
      </Owners>
      <Execution id="939810dd-7867-4a94-bbe8-4b7420887823" />
      <TestMethod codeBase="E:/BuildAgent/work/3baf8a8a2db7fedb/assemblies/Confirmit.CATI.IntegrationTests.DLL" adapterTypeName="Microsoft.VisualStudio.TestTools.TestTypes.Unit.UnitTestAdapter, Microsoft.VisualStudio.QualityTools.Tips.UnitTest.Adapter, Version=15.0.0.0, Culture=neutral, PublicKeyToken=b03f5f7f11d50a3a" className="Confirmit.CATI.IntegrationTests.Tests.FusionLibTest.Tests.CallAdditionTests, Confirmit.CATI.IntegrationTests, Version=24.0.2875.0, Culture=neutral, PublicKeyToken=8134450e5a05c0c1" name="AddCall_CallDoesNotExist_CallCreated" />
    </UnitTest>
    <UnitTest name="DialerHasNoParameters_GetDialerDefaultSurveyParameters_EmptyList" storage="e:\buildagent\work\3baf8a8a2db7fedb\assemblies\confirmit.cati.integrationtests.dll" id="0b28627a-4560-60a5-cb89-51cde9a3b91a">
      <Owners>
        <Owner name="FIRM\SvetlanaT" />
      </Owners>
      <Execution id="a2e0bcf4-cf92-4319-8e93-a2d45b4746d2" />
      <TestMethod codeBase="E:/BuildAgent/work/3baf8a8a2db7fedb/assemblies/Confirmit.CATI.IntegrationTests.DLL" adapterTypeName="Microsoft.VisualStudio.TestTools.TestTypes.Unit.UnitTestAdapter, Microsoft.VisualStudio.QualityTools.Tips.UnitTest.Adapter, Version=15.0.0.0, Culture=neutral, PublicKeyToken=b03f5f7f11d50a3a" className="Confirmit.CATI.IntegrationTests.Tests.DialerSettingsTest.DialerSettingsTest, Confirmit.CATI.IntegrationTests, Version=24.0.2875.0, Culture=neutral, PublicKeyToken=8134450e5a05c0c1" name="DialerHasNoParameters_GetDialerDefaultSurveyParameters_EmptyList" />
    </UnitTest>
    <UnitTest name="AddSample_TwoPartitionsFail_FailedPartitionsDataIsRemovedFromReplicatedTable" storage="e:\buildagent\work\3baf8a8a2db7fedb\assemblies\confirmit.cati.integrationtests.dll" id="ee4956c2-fd28-62ac-f8b6-d110cfe5f1d4">
      <Owners>
        <Owner name="FIRM\LeonidS" />
      </Owners>
      <Execution id="a6d28e41-a142-4ada-9ad8-638aabf81438" />
      <TestMethod codeBase="E:/BuildAgent/work/3baf8a8a2db7fedb/assemblies/Confirmit.CATI.IntegrationTests.DLL" adapterTypeName="Microsoft.VisualStudio.TestTools.TestTypes.Unit.UnitTestAdapter, Microsoft.VisualStudio.QualityTools.Tips.UnitTest.Adapter, Version=15.0.0.0, Culture=neutral, PublicKeyToken=b03f5f7f11d50a3a" className="Confirmit.CATI.IntegrationTests.Tests.SampleTest.SampleTests, Confirmit.CATI.IntegrationTests, Version=24.0.2875.0, Culture=neutral, PublicKeyToken=8134450e5a05c0c1" name="AddSample_TwoPartitionsFail_FailedPartitionsDataIsRemovedFromReplicatedTable" />
    </UnitTest>
    <UnitTest name="AddSample_ErrorInAddSampleThreadOnSampleDataStorageCommit_BatchIsRetried" storage="e:\buildagent\work\3baf8a8a2db7fedb\assemblies\confirmit.cati.integrationtests.dll" id="ff10ce9f-57a1-005c-ceb5-93ce2736dfbb">
      <Owners>
        <Owner name="FIRM\AlexanderL" />
      </Owners>
      <Execution id="da38dc3d-1b97-494c-bbed-c9593107af01" />
      <TestMethod codeBase="E:/BuildAgent/work/3baf8a8a2db7fedb/assemblies/Confirmit.CATI.IntegrationTests.DLL" adapterTypeName="Microsoft.VisualStudio.TestTools.TestTypes.Unit.UnitTestAdapter, Microsoft.VisualStudio.QualityTools.Tips.UnitTest.Adapter, Version=15.0.0.0, Culture=neutral, PublicKeyToken=b03f5f7f11d50a3a" className="Confirmit.CATI.IntegrationTests.Tests.SampleTest.SampleTests, Confirmit.CATI.IntegrationTests, Version=24.0.2875.0, Culture=neutral, PublicKeyToken=8134450e5a05c0c1" name="AddSample_ErrorInAddSampleThreadOnSampleDataStorageCommit_BatchIsRetried" />
    </UnitTest>
    <UnitTest name="OrderByInterviewIdCallDelivery_ActivateSuspendedInterviewsWithRandomEnabledFlag_OrderIsChanged" storage="e:\buildagent\work\3baf8a8a2db7fedb\assemblies\confirmit.cati.integrationtests.dll" id="4f63e4d8-6842-63f9-c26e-ca50dc99ab28">
      <Owners>
        <Owner name="FIRM\AlexanderL" />
      </Owners>
      <Execution id="743787f6-18d2-44d1-b3ae-d801194e6f66" />
      <TestMethod codeBase="E:/BuildAgent/work/3baf8a8a2db7fedb/assemblies/Confirmit.CATI.IntegrationTests.DLL" adapterTypeName="Microsoft.VisualStudio.TestTools.TestTypes.Unit.UnitTestAdapter, Microsoft.VisualStudio.QualityTools.Tips.UnitTest.Adapter, Version=15.0.0.0, Culture=neutral, PublicKeyToken=b03f5f7f11d50a3a" className="Confirmit.CATI.IntegrationTests.Tests.CallDelivering.RandomCallDeliveryTest, Confirmit.CATI.IntegrationTests, Version=24.0.2875.0, Culture=neutral, PublicKeyToken=8134450e5a05c0c1" name="OrderByInterviewIdCallDelivery_ActivateSuspendedInterviewsWithRandomEnabledFlag_OrderIsChanged" />
    </UnitTest>
    <UnitTest name="RandomCallDelivery_ActivateAllInterviewsWithRandomEnabledFlag_OrderIsChanged" storage="e:\buildagent\work\3baf8a8a2db7fedb\assemblies\confirmit.cati.integrationtests.dll" id="ec010b11-444a-035e-5603-d62fefabd98a">
      <Owners>
        <Owner name="FIRM\AlexanderL" />
      </Owners>
      <Execution id="2695198a-c64c-4f2a-8834-f1f234d31a63" />
      <TestMethod codeBase="E:/BuildAgent/work/3baf8a8a2db7fedb/assemblies/Confirmit.CATI.IntegrationTests.DLL" adapterTypeName="Microsoft.VisualStudio.TestTools.TestTypes.Unit.UnitTestAdapter, Microsoft.VisualStudio.QualityTools.Tips.UnitTest.Adapter, Version=15.0.0.0, Culture=neutral, PublicKeyToken=b03f5f7f11d50a3a" className="Confirmit.CATI.IntegrationTests.Tests.CallDelivering.RandomCallDeliveryTest, Confirmit.CATI.IntegrationTests, Version=24.0.2875.0, Culture=neutral, PublicKeyToken=8134450e5a05c0c1" name="RandomCallDelivery_ActivateAllInterviewsWithRandomEnabledFlag_OrderIsChanged" />
    </UnitTest>
    <UnitTest name="GetCallsPage_QueryFromCustomFilterByForSentForReviewCalls_SelectedReviewStatusCalls" storage="e:\buildagent\work\3baf8a8a2db7fedb\assemblies\confirmit.cati.integrationtests.dll" id="3a61104b-ad4f-74a9-b2fd-a65f8ecec8e2">
      <Owners>
        <Owner name="FIRM\VictorR" />
      </Owners>
      <Execution id="9f9d8bf9-f2b6-4c0f-b5ad-d75f87e48beb" />
      <TestMethod codeBase="E:/BuildAgent/work/3baf8a8a2db7fedb/assemblies/Confirmit.CATI.IntegrationTests.DLL" adapterTypeName="Microsoft.VisualStudio.TestTools.TestTypes.Unit.UnitTestAdapter, Microsoft.VisualStudio.QualityTools.Tips.UnitTest.Adapter, Version=15.0.0.0, Culture=neutral, PublicKeyToken=b03f5f7f11d50a3a" className="Confirmit.CATI.IntegrationTests.Tests.FilterAndPaging.Tests.CallListSearchTest, Confirmit.CATI.IntegrationTests, Version=24.0.2875.0, Culture=neutral, PublicKeyToken=8134450e5a05c0c1" name="GetCallsPage_QueryFromCustomFilterByForSentForReviewCalls_SelectedReviewStatusCalls" />
    </UnitTest>
    <UnitTest name="PersonsInSurveyAssingmentMode_LogoutFromBreakState_Success" storage="e:\buildagent\work\3baf8a8a2db7fedb\assemblies\confirmit.cati.integrationtests.dll" id="6852ca2a-2613-ff90-31fc-846a8cf48b52">
      <Owners>
        <Owner name="FIRM\AlexanderL" />
      </Owners>
      <Execution id="7b2e4cbb-6652-4316-9691-9dab7e215a0a" />
      <TestMethod codeBase="E:/BuildAgent/work/3baf8a8a2db7fedb/assemblies/Confirmit.CATI.IntegrationTests.DLL" adapterTypeName="Microsoft.VisualStudio.TestTools.TestTypes.Unit.UnitTestAdapter, Microsoft.VisualStudio.QualityTools.Tips.UnitTest.Adapter, Version=15.0.0.0, Culture=neutral, PublicKeyToken=b03f5f7f11d50a3a" className="Confirmit.CATI.IntegrationTests.Tests.InterviewerOnABreak.InterviewerOnABreakTest, Confirmit.CATI.IntegrationTests, Version=24.0.2875.0, Culture=neutral, PublicKeyToken=8134450e5a05c0c1" name="PersonsInSurveyAssingmentMode_LogoutFromBreakState_Success" />
    </UnitTest>
    <UnitTest name="SetDialingMode_ResetFiltered_ResetFilteredDialingModeEventIsLogged" storage="e:\buildagent\work\3baf8a8a2db7fedb\assemblies\confirmit.cati.integrationtests.dll" id="e1c29ef5-d77e-6e94-2975-7181861579c5">
      <Owners>
        <Owner name="FIRM\SergeyC" />
      </Owners>
      <Execution id="d5001934-e9c2-40db-b21c-56660ab5e11e" />
      <TestMethod codeBase="E:/BuildAgent/work/3baf8a8a2db7fedb/assemblies/Confirmit.CATI.IntegrationTests.DLL" adapterTypeName="Microsoft.VisualStudio.TestTools.TestTypes.Unit.UnitTestAdapter, Microsoft.VisualStudio.QualityTools.Tips.UnitTest.Adapter, Version=15.0.0.0, Culture=neutral, PublicKeyToken=b03f5f7f11d50a3a" className="Confirmit.CATI.IntegrationTests.Tests.FusionLibTest.Tests.CallManagermentChangeDialModeTests, Confirmit.CATI.IntegrationTests, Version=24.0.2875.0, Culture=neutral, PublicKeyToken=8134450e5a05c0c1" name="SetDialingMode_ResetFiltered_ResetFilteredDialingModeEventIsLogged" />
    </UnitTest>
    <UnitTest name="AutomaticPersonLogin_PendingBreakDuringInterview_BreakStateAfterInterviewWrapUp" storage="e:\buildagent\work\3baf8a8a2db7fedb\assemblies\confirmit.cati.integrationtests.dll" id="1b3206e3-0b29-a2bd-36f6-341c0380b0ed">
      <Owners>
        <Owner name="FIRM\AlexanderZh" />
      </Owners>
      <Execution id="8d052b1e-5117-465b-81ae-81e6acec5343" />
[...]
   at System.Data.SqlClient.SqlCommand.ExecuteNonQuery()
   at Confirmit.CATI.Core.DAL.Framework.DatabaseEngine.ExecuteNonQueryWithSpecificTimeOut(SqlCommand command, Int32 connectionTimeout, SqlParameter[] parameters) in E:\BuildAgent\work\5f2c55aaa5c0b681\Confirmit.CATI.Core\DAL\Framework\DatabaseEngine.cs:line 154
   at Confirmit.CATI.Core.DAL.Framework.DatabaseEngine.ExecuteNonQueryWithSpecificTimeOut(String cmdText, CommandType cmdType, Int32 connectionTimeout, SqlParameter[] parameters) in E:\BuildAgent\work\5f2c55aaa5c0b681\Confirmit.CATI.Core\DAL\Framework\DatabaseEngine.cs:line 133
   at Confirmit.CATI.Core.DAL.Framework.DatabaseTools.&lt;&gt;c__DisplayClass21_0.&lt;DetachDatabase&gt;b__0() in E:\BuildAgent\work\5f2c55aaa5c0b681\Confirmit.CATI.Core\DAL\Framework\DatabaseTools.cs:line 404
   at Confirmit.CATI.Core.DAL.Framework.DatabaseTools.RetryOnDeadlock(Action a, String caller) in E:\BuildAgent\work\5f2c55aaa5c0b681\Confirmit.CATI.Core\DAL\Framework\DatabaseTools.cs:line 101
ClientConnectionId:3931ab00-bfac-450a-9a60-48286d016cb9
Error Number:1205,State:51,Class:13


QTAgent_40.exe Information: 0 : Waiting 11480 milliseconds after deadlock

</DebugTrace>
      </Output>
    </UnitTestResult>
    <UnitTestResult executionId="925b2c3e-c7b4-4f98-9b5f-80fb43f30152" testId="893194ca-5b05-ad1c-2492-ac05b3fa562f" testName="UpdateSample_CallExistsAndDisabledByFCDandUser_CallShouldBeDisabledByFCD" computerName="CO-OSL-TCA38" duration="00:00:07.2470035" startTime="2019-01-09T08:09:28.9680271+01:00" endTime="2019-01-09T08:09:36.2208377+01:00" testType="13cdc9d9-ddb5-4fa4-a97d-d965ccfc6d4b" outcome="Passed" testListId="8c84fa94-04c1-424b-9868-57a2d4851a1d" relativeResultsDirectory="925b2c3e-c7b4-4f98-9b5f-80fb43f30152">
      <Output>
        <DebugTrace>QTAgent_40.exe Information: 0 : Database Name for Tests ConfirmitCATIV15_344367
QTAgent_40.exe Information: 0 : Detaching database ConfirmitCATIV15_344367
QTAgent_40.exe Information: 0 : Database ConfirmitCATIV15_344367 state is OFFLINE
QTAgent_40.exe Information: 0 : Attaching database ConfirmitCATIV15_344367
QTAgent_40.exe Information: 0 : Database ConfirmitCATIV15_344367 state is OFFLINE
QTAgent_40.exe Information: 0 : Database ConfirmitCATIV15_344367 is attached and  online, waiting for availability
QTAgent_40.exe Information: 0 : Database ConfirmitCATIV15_344367 is available on attempt 0
QTAgent_40.exe Information: 0 : Survey 'p2154291039' successfully opened
QTAgent_40.exe Information: 0 : Detaching database ConfirmitCATIV15_344367
QTAgent_40.exe Information: 0 : Database ConfirmitCATIV15_344367 state is ONLINE
</DebugTrace>
      </Output>
    </UnitTestResult>
    <UnitTestResult executionId="35bca7c0-8fc5-4c02-b3b3-a83f6a48a858" testId="5c26674d-a744-5cfd-2cb2-c90edbb184c1" testName="UpdateSample_CallExistsAndInterviewIsMovedToClosedCell_CallShouldBeDeletedByFCD" computerName="CO-OSL-TCA38" duration="00:00:08.5183272" startTime="2019-01-09T08:09:36.2238388+01:00" endTime="2019-01-09T08:09:44.7469653+01:00" testType="13cdc9d9-ddb5-4fa4-a97d-d965ccfc6d4b" outcome="Passed" testListId="8c84fa94-04c1-424b-9868-57a2d4851a1d" relativeResultsDirectory="35bca7c0-8fc5-4c02-b3b3-a83f6a48a858">
      <Output>
        <DebugTrace>QTAgent_40.exe Information: 0 : Database Name for Tests ConfirmitCATIV15_344367
QTAgent_40.exe Information: 0 : Detaching database ConfirmitCATIV15_344367
QTAgent_40.exe Information: 0 : Database ConfirmitCATIV15_344367 state is OFFLINE
QTAgent_40.exe Information: 0 : Attaching database ConfirmitCATIV15_344367
QTAgent_40.exe Information: 0 : Database ConfirmitCATIV15_344367 state is OFFLINE
QTAgent_40.exe Information: 0 : Database ConfirmitCATIV15_344367 is attached and  online, waiting for availability
QTAgent_40.exe Information: 0 : Database ConfirmitCATIV15_344367 is available on attempt 0
QTAgent_40.exe Information: 0 : Survey 'p2149767622' successfully opened
QTAgent_40.exe Information: 0 : Detaching database ConfirmitCATIV15_344367
QTAgent_40.exe Information: 0 : Database ConfirmitCATIV15_344367 state is ONLINE
</DebugTrace>
      </Output>
    </UnitTestResult>
    <UnitTestResult executionId="e9c71f62-0b62-493b-82fa-01bd1e248bd3" testId="28b106e0-e429-92c4-afd1-13a302bc8cea" testName="UpdateSample_CallExistsAndInterviewIsMovedToClosedCell_CallShouldBeDisabledByFCD" computerName="CO-OSL-TCA38" duration="00:00:07.9084543" startTime="2019-01-09T08:09:44.7479654+01:00" endTime="2019-01-09T08:09:52.6619415+01:00" testType="13cdc9d9-ddb5-4fa4-a97d-d965ccfc6d4b" outcome="Passed" testListId="8c84fa94-04c1-424b-9868-57a2d4851a1d" relativeResultsDirectory="e9c71f62-0b62-493b-82fa-01bd1e248bd3">
      <Output>
        <DebugTrace>QTAgent_40.exe Information: 0 : Database Name for Tests ConfirmitCATIV15_344367
QTAgent_40.exe Information: 0 : Detaching database ConfirmitCATIV15_344367
QTAgent_40.exe Information: 0 : Database ConfirmitCATIV15_344367 state is OFFLINE
QTAgent_40.exe Information: 0 : Attaching database ConfirmitCATIV15_344367
QTAgent_40.exe Information: 0 : Database ConfirmitCATIV15_344367 state is OFFLINE
QTAgent_40.exe Information: 0 : Database ConfirmitCATIV15_344367 is attached and  online, waiting for availability
QTAgent_40.exe Information: 0 : Database ConfirmitCATIV15_344367 is available on attempt 0
QTAgent_40.exe Information: 0 : Survey 'p2152645637' successfully opened
QTAgent_40.exe Information: 0 : Detaching database ConfirmitCATIV15_344367
QTAgent_40.exe Information: 0 : Database ConfirmitCATIV15_344367 state is ONLINE
</DebugTrace>
      </Output>
    </UnitTestResult>
    <UnitTestResult executionId="1eb7ab3a-c93d-4f71-9085-83f79917e3e4" testId="c2d31d4f-c6d9-ed7f-1b3b-7a5a80974808" testName="UpdateSample_CallExistsAndInterviewIsMovedToClosedCell_CallShouldNOTBeDisabledByFCDBecauseITSIsInTheIgnoredByFCDList" computerName="CO-OSL-TCA38" duration="00:00:08.8600775" startTime="2019-01-09T08:09:52.6659426+01:00" endTime="2019-01-09T08:10:01.5341706+01:00" testType="13cdc9d9-ddb5-4fa4-a97d-d965ccfc6d4b" outcome="Passed" testListId="8c84fa94-04c1-424b-9868-57a2d4851a1d" relativeResultsDirectory="1eb7ab3a-c93d-4f71-9085-83f79917e3e4">
      <Output>
        <DebugTrace>QTAgent_40.exe Information: 0 : Database Name for Tests ConfirmitCATIV15_344367
QTAgent_40.exe Information: 0 : Detaching database ConfirmitCATIV15_344367
QTAgent_40.exe Information: 0 : Database ConfirmitCATIV15_344367 state is OFFLINE
QTAgent_40.exe Information: 0 : Attaching database ConfirmitCATIV15_344367
QTAgent_40.exe Information: 0 : Database ConfirmitCATIV15_344367 state is OFFLINE
QTAgent_40.exe Information: 0 : Database ConfirmitCATIV15_344367 is attached and  online, waiting for availability
QTAgent_40.exe Information: 0 : Database ConfirmitCATIV15_344367 is available on attempt 0
QTAgent_40.exe Information: 0 : Survey 'p2155528211' successfully opened
QTAgent_40.exe Information: 0 : Detaching database ConfirmitCATIV15_344367
QTAgent_40.exe Information: 0 : Database ConfirmitCATIV15_344367 state is ONLINE
</DebugTrace>
      </Output>
    </UnitTestResult>
    <UnitTestResult executionId="f4645f25-21aa-4847-8ac0-c28a0e62875e" testId="45dd3aeb-2043-c3da-1c2a-c2418200c582" testName="UpdateSample_CallNotExists_CallShouldBeCreated" computerName="CO-OSL-TCA38" duration="00:00:17.9388834" startTime="2019-01-09T08:10:01.5361305+01:00" endTime="2019-01-09T08:10:19.4814967+01:00" testType="13cdc9d9-ddb5-4fa4-a97d-d965ccfc6d4b" outcome="Passed" testListId="8c84fa94-04c1-424b-9868-57a2d4851a1d" relativeResultsDirectory="f4645f25-21aa-4847-8ac0-c28a0e62875e">
      <Output>
        <DebugTrace>QTAgent_40.exe Information: 0 : Database Name for Tests ConfirmitCATIV15_344367
QTAgent_40.exe Information: 0 : Detaching database ConfirmitCATIV15_344367
QTAgent_40.exe Information: 0 : Database ConfirmitCATIV15_344367 state is OFFLINE
QTAgent_40.exe Information: 0 : Attaching database ConfirmitCATIV15_344367
QTAgent_40.exe Information: 0 : Database ConfirmitCATIV15_344367 state is OFFLINE
QTAgent_40.exe Information: 0 : Database ConfirmitCATIV15_344367 is attached and  online, waiting for availability
QTAgent_40.exe Information: 0 : Database ConfirmitCATIV15_344367 is available on attempt 0
QTAgent_40.exe Information: 0 : Survey 'p2154919439' successfully opened
QTAgent_40.exe Information: 0 : Detaching database ConfirmitCATIV15_344367
QTAgent_40.exe Information: 0 : Database ConfirmitCATIV15_344367 state is ONLINE
QTAgent_40.exe Error: 0 : Caller: DetachDatabase
SqlException:
System.Data.SqlClient.SqlException (0x80131904): Transaction (Process ID 61) was deadlocked on lock resources with another process and has been chosen as the deadlock victim. Rerun the transaction.
ALTER DATABASE statement failed.
   at System.Data.SqlClient.SqlConnection.OnError(SqlException exception, Boolean breakConnection, Action`1 wrapCloseInAction)
   at System.Data.SqlClient.TdsParser.ThrowExceptionAndWarning(TdsParserStateObject stateObj, Boolean callerHasConnectionLock, Boolean asyncClose)
   at System.Data.SqlClient.TdsParser.TryRun(RunBehavior runBehavior, SqlCommand cmdHandler, SqlDataReader dataStream, BulkCopySimpleResultSet bulkCopyHandler, TdsParserStateObject stateObj, Boolean&amp; dataReady)
   at System.Data.SqlClient.SqlCommand.RunExecuteNonQueryTds(String methodName, Boolean async, Int32 timeout, Boolean asyncWrite)
   at System.Data.SqlClient.SqlCommand.InternalExecuteNonQuery(TaskCompletionSource`1 completion, String methodName, Boolean sendToPipe, Int32 timeout, Boolean&amp; usedCache, Boolean asyncWrite, Boolean inRetry)
   at System.Data.SqlClient.SqlCommand.ExecuteNonQuery()
   at Confirmit.CATI.Core.DAL.Framework.DatabaseEngine.ExecuteNonQueryWithSpecificTimeOut(SqlCommand command, Int32 connectionTimeout, SqlParameter[] parameters) in E:\BuildAgent\work\5f2c55aaa5c0b681\Confirmit.CATI.Core\DAL\Framework\DatabaseEngine.cs:line 154
   at Confirmit.CATI.Core.DAL.Framework.DatabaseEngine.ExecuteNonQueryWithSpecificTimeOut(String cmdText, CommandType cmdType, Int32 connectionTimeout, SqlParameter[] parameters) in E:\BuildAgent\work\5f2c55aaa5c0b681\Confirmit.CATI.Core\DAL\Framework\DatabaseEngine.cs:line 133
   at Confirmit.CATI.Core.DAL.Framework.DatabaseTools.&lt;&gt;c__DisplayClass21_0.&lt;DetachDatabase&gt;b__0() in E:\BuildAgent\work\5f2c55aaa5c0b681\Confirmit.CATI.Core\DAL\Framework\DatabaseTools.cs:line 404
   at Confirmit.CATI.Core.DAL.Framework.DatabaseTools.RetryOnDeadlock(Action a, String caller) in E:\BuildAgent\work\5f2c55aaa5c0b681\Confirmit.CATI.Core\DAL\Framework\DatabaseTools.cs:line 101
ClientConnectionId:e8264905-47aa-47e2-b70a-8a1bc0771dcd
Error Number:1205,State:51,Class:13


QTAgent_40.exe Information: 0 : Waiting 4471 milliseconds after deadlock

</DebugTrace>
      </Output>
    </UnitTestResult>
    <UnitTestResult executionId="d30aa5d5-ebef-47b8-91fb-5c4e8405b402" testId="5d0a8c7b-1f77-e9ac-2fb2-b7ed22bfad00" testName="UpdateSample_CallNotExistsAndInterviewIsMovedToClosedCellWithoutCreateNewCall_InterviewItsShouldBeChangedToFilteredByFcd" computerName="CO-OSL-TCA38" duration="00:00:07.2872920" startTime="2019-01-09T08:10:19.4824975+01:00" endTime="2019-01-09T08:10:26.7742713+01:00" testType="13cdc9d9-ddb5-4fa4-a97d-d965ccfc6d4b" outcome="Passed" testListId="8c84fa94-04c1-424b-9868-57a2d4851a1d" relativeResultsDirectory="d30aa5d5-ebef-47b8-91fb-5c4e8405b402">
      <Output>
        <DebugTrace>QTAgent_40.exe Information: 0 : Database Name for Tests ConfirmitCATIV15_344367
QTAgent_40.exe Information: 0 : Detaching database ConfirmitCATIV15_344367
QTAgent_40.exe Information: 0 : Database ConfirmitCATIV15_344367 state is OFFLINE
QTAgent_40.exe Information: 0 : Attaching database ConfirmitCATIV15_344367
QTAgent_40.exe Information: 0 : Database ConfirmitCATIV15_344367 state is OFFLINE
QTAgent_40.exe Information: 0 : Database ConfirmitCATIV15_344367 is attached and  online, waiting for availability
QTAgent_40.exe Information: 0 : Database ConfirmitCATIV15_344367 is available on attempt 0
QTAgent_40.exe Information: 0 : Survey 'p2149987208' successfully opened
QTAgent_40.exe Information: 0 : Detaching database ConfirmitCATIV15_344367
QTAgent_40.exe Information: 0 : Database ConfirmitCATIV15_344367 state is ONLINE
</DebugTrace>
      </Output>
    </UnitTestResult>
    <UnitTestResult executionId="ca2b127f-68b5-4b71-b6e8-d825f3001ff1" testId="3bbd3d6d-0ea0-5934-29d5-04e8c023db7b" testName="UpdateSample_FullSchedulingButNoSampleUpdateRule_DoesNotDoAnythingAndFinishedSuccess" computerName="CO-OSL-TCA38" duration="00:00:05.1833649" startTime="2019-01-09T08:10:26.7762723+01:00" endTime="2019-01-09T08:10:31.9645926+01:00" testType="13cdc9d9-ddb5-4fa4-a97d-d965ccfc6d4b" outcome="Passed" testListId="8c84fa94-04c1-424b-9868-57a2d4851a1d" relativeResultsDirectory="ca2b127f-68b5-4b71-b6e8-d825f3001ff1">
      <Output>
        <DebugTrace>QTAgent_40.exe Information: 0 : Database Name for Tests ConfirmitCATIV15_344367
QTAgent_40.exe Information: 0 : Detaching database ConfirmitCATIV15_344367
QTAgent_40.exe Information: 0 : Database ConfirmitCATIV15_344367 state is OFFLINE
QTAgent_40.exe Information: 0 : Attaching database ConfirmitCATIV15_344367
QTAgent_40.exe Information: 0 : Database ConfirmitCATIV15_344367 state is OFFLINE
QTAgent_40.exe Information: 0 : Database ConfirmitCATIV15_344367 is attached and  online, waiting for availability
QTAgent_40.exe Information: 0 : Database ConfirmitCATIV15_344367 is available on attempt 0
QTAgent_40.exe Information: 0 : Survey 'p2153448755' successfully opened
QTAgent_40.exe Error: 0 : Error: ProcessSample could not be called in the Update mode for the schedule 'AutoGeneratedName 1'. Schedule 'AutoGeneratedName 1' does not have rule marked with 'SampleUpdate' description. Please create new rule marked with 'SampleUpdate' description.
QTAgent_40.exe Information: 0 : Detaching database ConfirmitCATIV15_344367
QTAgent_40.exe Information: 0 : Database ConfirmitCATIV15_344367 state is ONLINE
</DebugTrace>
      </Output>
    </UnitTestResult>
    <UnitTestResult executionId="a4db5af3-2a0e-4ade-b233-7f7341cfd2d3" testId="9d276789-13d3-a7db-b456-29114a114b3f" testName="UpdateSample_InterviewInBlackList_CallIsNotCreated" computerName="CO-OSL-TCA38" duration="00:00:05.4805008" startTime="2019-01-09T08:10:31.9665347+01:00" endTime="2019-01-09T08:10:37.4508739+01:00" testType="13cdc9d9-ddb5-4fa4-a97d-d965ccfc6d4b" outcome="Passed" testListId="8c84fa94-04c1-424b-9868-57a2d4851a1d" relativeResultsDirectory="a4db5af3-2a0e-4ade-b233-7f7341cfd2d3">
      <Output>
        <DebugTrace>QTAgent_40.exe Information: 0 : Database Name for Tests ConfirmitCATIV15_344367
QTAgent_40.exe Information: 0 : Detaching database ConfirmitCATIV15_344367
QTAgent_40.exe Information: 0 : Database ConfirmitCATIV15_344367 state is OFFLINE
QTAgent_40.exe Information: 0 : Attaching database ConfirmitCATIV15_344367
QTAgent_40.exe Information: 0 : Database ConfirmitCATIV15_344367 state is OFFLINE
QTAgent_40.exe Information: 0 : Database ConfirmitCATIV15_344367 is attached and  online, waiting for availability
QTAgent_40.exe Information: 0 : Database ConfirmitCATIV15_344367 is available on attempt 0
QTAgent_40.exe Information: 0 : Survey 'p2154018355' successfully opened
QTAgent_40.exe Information: 0 : Detaching database ConfirmitCATIV15_344367
QTAgent_40.exe Information: 0 : Database ConfirmitCATIV15_344367 state is ONLINE
</DebugTrace>
      </Output>
    </UnitTestResult>
    <UnitTestResult executionId="a5698b61-e3cb-42c0-98e4-7bc2f7334261" testId="5741bbff-fa58-7d2d-de86-543f2c2fa984" testName="UpdateSample_InterviewInBlackList_InterviewShouldBeUpdated" computerName="CO-OSL-TCA38" duration="00:00:10.5262827" startTime="2019-01-09T08:10:37.4528685+01:00" endTime="2019-01-09T08:10:47.9835040+01:00" testType="13cdc9d9-ddb5-4fa4-a97d-d965ccfc6d4b" outcome="Passed" testListId="8c84fa94-04c1-424b-9868-57a2d4851a1d" relativeResultsDirectory="a5698b61-e3cb-42c0-98e4-7bc2f7334261">
      <Output>
        <DebugTrace>QTAgent_40.exe Information: 0 : Database Name for Tests ConfirmitCATIV15_344367
QTAgent_40.exe Information: 0 : Detaching database ConfirmitCATIV15_344367
QTAgent_40.exe Information: 0 : Database ConfirmitCATIV15_344367 state is OFFLINE
QTAgent_40.exe Information: 0 : Attaching database ConfirmitCATIV15_344367
QTAgent_40.exe Information: 0 : Database ConfirmitCATIV15_344367 state is OFFLINE
QTAgent_40.exe Information: 0 : Database ConfirmitCATIV15_344367 is attached and  online, waiting for availability
QTAgent_40.exe Information: 0 : Database ConfirmitCATIV15_344367 is available on attempt 0
QTAgent_40.exe Information: 0 : Survey 'p2151259550' successfully opened
QTAgent_40.exe Information: 0 : Detaching database ConfirmitCATIV15_344367
QTAgent_40.exe Information: 0 : Database ConfirmitCATIV15_344367 state is ONLINE
</DebugTrace>
      </Output>
    </UnitTestResult>
    <UnitTestResult executionId="00481720-784d-499c-af62-7f0d7bf81802" testId="37b03508-f612-0730-cec8-15ca53c50a9e" testName="UpdateSample_SimpleScheduling_DoesNotDoAnythingAndFinishedSuccess" computerName="CO-OSL-TCA38" duration="00:00:03.8066039" startTime="2019-01-09T08:10:47.9854337+01:00" endTime="2019-01-09T08:10:51.7953720+01:00" testType="13cdc9d9-ddb5-4fa4-a97d-d965ccfc6d4b" outcome="Passed" testListId="8c84fa94-04c1-424b-9868-57a2d4851a1d" relativeResultsDirectory="00481720-784d-499c-af62-7f0d7bf81802">
      <Output>
        <DebugTrace>QTAgent_40.exe Information: 0 : Database Name for Tests ConfirmitCATIV15_344367
QTAgent_40.exe Information: 0 : Detaching database ConfirmitCATIV15_344367
QTAgent_40.exe Information: 0 : Database ConfirmitCATIV15_344367 state is OFFLINE
QTAgent_40.exe Information: 0 : Attaching database ConfirmitCATIV15_344367
QTAgent_40.exe Information: 0 : Database ConfirmitCATIV15_344367 state is OFFLINE
QTAgent_40.exe Information: 0 : Database ConfirmitCATIV15_344367 is attached and  online, waiting for availability
QTAgent_40.exe Information: 0 : Database ConfirmitCATIV15_344367 is available on attempt 0
QTAgent_40.exe Information: 0 : Survey 'p2149124695' successfully opened
QTAgent_40.exe Error: 0 : Error: ProcessSample could not be called in the Update mode with 'Simple Scheduling'. Only Full Scheduling mode is supported.
QTAgent_40.exe Information: 0 : Detaching database ConfirmitCATIV15_344367
QTAgent_40.exe Information: 0 : Database ConfirmitCATIV15_344367 state is ONLINE
</DebugTrace>
      </Output>
    </UnitTestResult>
    <UnitTestResult executionId="d8313c82-a76d-49a5-b7cd-fbeec016a1df" testId="b9460a98-4a48-6161-33b2-a98e422e436e" testName="UpdateSample_TwoCallExistsAndWeUpdateOnlyOne_OneCallShouldBeDeletedAndOneShouldNotBeDeleted" computerName="CO-OSL-TCA38" duration="00:00:08.8147905" startTime="2019-01-09T08:10:51.7973598+01:00" endTime="2019-01-09T08:11:00.6164984+01:00" testType="13cdc9d9-ddb5-4fa4-a97d-d965ccfc6d4b" outcome="Passed" testListId="8c84fa94-04c1-424b-9868-57a2d4851a1d" relativeResultsDirectory="d8313c82-a76d-49a5-b7cd-fbeec016a1df">
      <Output>
        <DebugTrace>QTAgent_40.exe Information: 0 : Database Name for Tests ConfirmitCATIV15_344367
QTAgent_40.exe Information: 0 : Detaching database ConfirmitCATIV15_344367
QTAgent_40.exe Information: 0 : Database ConfirmitCATIV15_344367 state is OFFLINE
QTAgent_40.exe Information: 0 : Attaching database ConfirmitCATIV15_344367
QTAgent_40.exe Information: 0 : Database ConfirmitCATIV15_344367 state is OFFLINE
QTAgent_40.exe Information: 0 : Database ConfirmitCATIV15_344367 is attached and  online, waiting for availability
QTAgent_40.exe Information: 0 : Database ConfirmitCATIV15_344367 is available on attempt 0
QTAgent_40.exe Information: 0 : Survey 'p2156368251' successfully opened
QTAgent_40.exe Information: 0 : Detaching database ConfirmitCATIV15_344367
QTAgent_40.exe Information: 0 : Database ConfirmitCATIV15_344367 state is ONLINE
</DebugTrace>
      </Output>
    </UnitTestResult>
  </Results>
</TestRun>